<?xml version="1.0" encoding="utf-8"?>
<TestRun id="87d2ef49-0f2a-455b-b395-bd0d71a106dc" name="y_sta@QUICK-MINDS 2025-06-25 12:18:20" runUser="QUICK-MINDS\y_sta" xmlns="http://microsoft.com/schemas/VisualStudio/TeamTest/2010">
  <Times creation="2025-06-25T12:18:20.4303168+02:00" queuing="2025-06-25T12:18:20.4303169+02:00" start="2025-06-25T12:18:18.5517105+02:00" finish="2025-06-25T12:18:34.2015943+02:00" />
  <TestSettings name="default" id="50192a2b-9bbf-4991-adbb-22c37f2328de">
    <Deployment runDeploymentRoot="y_sta_QUICK-MINDS_2025-06-25_12_18_20" />
  </TestSettings>
  <Results>
    <UnitTestResult executionId="e104a817-a4aa-4e56-ada7-25bd5cc2b6d9" testId="fc8f891f-d783-2c56-c5e5-94f46fa35a27" testName="LooksLikeASecret_KnownSecrets_ReturnsTrue(&quot;AG7DrGi3pDDIUU1PrEsj&quot;)" computerName="QUICK-MINDS" duration="00:00:00.0000150" startTime="2025-06-25T12:18:32.1426114+02:00" endTime="2025-06-25T12:18:32.1426264+02:00" testType="13cdc9d9-ddb5-4fa4-a97d-d965ccfc6d4b" outcome="Passed" testListId="8c84fa94-04c1-424b-9868-57a2d4851a1d" relativeResultsDirectory="e104a817-a4aa-4e56-ada7-25bd5cc2b6d9" />
    <UnitTestResult executionId="409ff5dc-6ea6-4756-ab4b-c0d56bf26e44" testId="a2cda112-acbb-4f81-2a5e-ffc1df1b35f8" testName="PathIsSingleRouteParameter_VariousPaths_ReturnsExpectedResult(&quot;/:email&quot;,True)" computerName="QUICK-MINDS" duration="00:00:00.0000050" startTime="2025-06-25T12:18:32.1093243+02:00" endTime="2025-06-25T12:18:32.1093292+02:00" testType="13cdc9d9-ddb5-4fa4-a97d-d965ccfc6d4b" outcome="Passed" testListId="8c84fa94-04c1-424b-9868-57a2d4851a1d" relativeResultsDirectory="409ff5dc-6ea6-4756-ab4b-c0d56bf26e44" />
    <UnitTestResult executionId="fb41a381-d479-4fbd-bd1c-aa99a4a42da1" testId="ee27212a-d595-d8d9-b39f-fe50a1cdfe72" testName="BuildRouteFromUrl_Strings_IgnoresStrings" computerName="QUICK-MINDS" duration="00:00:00.0000850" startTime="2025-06-25T12:18:32.1409813+02:00" endTime="2025-06-25T12:18:32.1410665+02:00" testType="13cdc9d9-ddb5-4fa4-a97d-d965ccfc6d4b" outcome="Passed" testListId="8c84fa94-04c1-424b-9868-57a2d4851a1d" relativeResultsDirectory="fb41a381-d479-4fbd-bd1c-aa99a4a42da1" />
    <UnitTestResult executionId="f7a2e961-aa93-40d9-a880-1e2d72b7683b" testId="1f7e74c2-cc7f-7622-167c-76cb372c2d93" testName="FlattenJson_ShouldHandleObjectsAndArrays" computerName="QUICK-MINDS" duration="00:00:00.0001499" startTime="2025-06-25T12:18:24.8902687+02:00" endTime="2025-06-25T12:18:24.8904184+02:00" testType="13cdc9d9-ddb5-4fa4-a97d-d965ccfc6d4b" outcome="Passed" testListId="8c84fa94-04c1-424b-9868-57a2d4851a1d" relativeResultsDirectory="f7a2e961-aa93-40d9-a880-1e2d72b7683b" />
    <UnitTestResult executionId="21f6c1ae-e59f-42e7-bef7-e94fbb2547c6" testId="c285d669-423b-9a8c-6f48-24c944824162" testName="OnFileOperation_AbsoluteInput_ReturnsTrueWhenNotBlocking(&quot;%WINDIR%\\system32\\notepad.exe&quot;)" computerName="QUICK-MINDS" duration="00:00:00.0002900" startTime="2025-06-25T12:18:32.6128853+02:00" endTime="2025-06-25T12:18:32.6131756+02:00" testType="13cdc9d9-ddb5-4fa4-a97d-d965ccfc6d4b" outcome="Passed" testListId="8c84fa94-04c1-424b-9868-57a2d4851a1d" relativeResultsDirectory="21f6c1ae-e59f-42e7-bef7-e94fbb2547c6">
      <Output>
        <StdOut>AIKIDO: Attack detected: PathTraversal in Body File.ReadAllBytes, blocked: False</StdOut>
      </Output>
    </UnitTestResult>
    <UnitTestResult executionId="f5d542e6-5c1d-4f3b-a89a-85e45eba6dc2" testId="b30178f1-34c0-ff95-738b-0763e400298a" testName="UpdateBlockedUserAgents_ShouldUpdateBlockedUserAgentsList" computerName="QUICK-MINDS" duration="00:00:00.0002100" startTime="2025-06-25T12:18:20.4002969+02:00" endTime="2025-06-25T12:18:20.4005064+02:00" testType="13cdc9d9-ddb5-4fa4-a97d-d965ccfc6d4b" outcome="Passed" testListId="8c84fa94-04c1-424b-9868-57a2d4851a1d" relativeResultsDirectory="f5d542e6-5c1d-4f3b-a89a-85e45eba6dc2" />
    <UnitTestResult executionId="7320a498-9dec-4dad-8a9e-f672a36ca513" testId="deb5c3f3-1dfd-6458-6e3b-584f9fbb2629" testName="InsertRange_ShouldHandleOverlappingRanges" computerName="QUICK-MINDS" duration="00:00:00.0000720" startTime="2025-06-25T12:18:32.6172086+02:00" endTime="2025-06-25T12:18:32.6172805+02:00" testType="13cdc9d9-ddb5-4fa4-a97d-d965ccfc6d4b" outcome="Passed" testListId="8c84fa94-04c1-424b-9868-57a2d4851a1d" relativeResultsDirectory="7320a498-9dec-4dad-8a9e-f672a36ca513" />
    <UnitTestResult executionId="bd4cddbe-f42a-497d-afc4-d2196daa3799" testId="097aaa7d-692e-d4bf-ce7b-eadf5cab7227" testName="UpdateApiInfo_NormalizeEmptySpec_SetsEmptyApiSpec" computerName="QUICK-MINDS" duration="00:00:00.0000630" startTime="2025-06-25T12:18:24.8808633+02:00" endTime="2025-06-25T12:18:24.8809265+02:00" testType="13cdc9d9-ddb5-4fa4-a97d-d965ccfc6d4b" outcome="Passed" testListId="8c84fa94-04c1-424b-9868-57a2d4851a1d" relativeResultsDirectory="bd4cddbe-f42a-497d-afc4-d2196daa3799" />
    <UnitTestResult executionId="7a7fd1f6-5ec6-4b19-a7ed-7b095d7e41ac" testId="8247b3e5-47d6-8bc1-44f4-63d886d05d77" testName="GetDataSchema_WithMaxProperties_LimitsPropertyCount" computerName="QUICK-MINDS" duration="00:00:00.0002200" startTime="2025-06-25T12:18:24.8893587+02:00" endTime="2025-06-25T12:18:24.8895791+02:00" testType="13cdc9d9-ddb5-4fa4-a97d-d965ccfc6d4b" outcome="Passed" testListId="8c84fa94-04c1-424b-9868-57a2d4851a1d" relativeResultsDirectory="7a7fd1f6-5ec6-4b19-a7ed-7b095d7e41ac" />
    <UnitTestResult executionId="9f26b134-c4e7-4999-83d2-b3fba228edeb" testId="75d227a4-1f0e-7e9b-43af-0eecd1c45c32" testName="Test_INJECTION: Unsafe use of variable with braces inside double quotes" computerName="QUICK-MINDS" duration="00:00:00.0000030" startTime="2025-06-25T12:18:34.0292896+02:00" endTime="2025-06-25T12:18:34.0292929+02:00" testType="13cdc9d9-ddb5-4fa4-a97d-d965ccfc6d4b" outcome="Passed" testListId="8c84fa94-04c1-424b-9868-57a2d4851a1d" relativeResultsDirectory="9f26b134-c4e7-4999-83d2-b3fba228edeb" />
    <UnitTestResult executionId="4fc809c7-d7ee-42f0-88b2-132a30a5e1ad" testId="bcc847af-8da0-ad6a-9970-81aca837c329" testName="ScheduleEvent_OverloadWithEventAndInterval_ExecutesCallback" computerName="QUICK-MINDS" duration="00:00:00.2522420" startTime="2025-06-25T12:18:22.9933358+02:00" endTime="2025-06-25T12:18:23.2455772+02:00" testType="13cdc9d9-ddb5-4fa4-a97d-d965ccfc6d4b" outcome="Passed" testListId="8c84fa94-04c1-424b-9868-57a2d4851a1d" relativeResultsDirectory="4fc809c7-d7ee-42f0-88b2-132a30a5e1ad" />
    <UnitTestResult executionId="ffaf5178-eab9-4e8f-b5bd-3d1a8844ae5b" testId="a9413362-9e7e-4224-488f-9a31bc3960a1" testName="UpdateApiInfo_ErrorHandling_ExitsGracefully" computerName="QUICK-MINDS" duration="00:00:00.0002990" startTime="2025-06-25T12:18:24.8797554+02:00" endTime="2025-06-25T12:18:24.8800539+02:00" testType="13cdc9d9-ddb5-4fa4-a97d-d965ccfc6d4b" outcome="Passed" testListId="8c84fa94-04c1-424b-9868-57a2d4851a1d" relativeResultsDirectory="ffaf5178-eab9-4e8f-b5bd-3d1a8844ae5b" />
    <UnitTestResult executionId="2ac6574d-7d18-4d39-bd74-aea293fa29bd" testId="01cce852-e777-afe1-f22b-0399a6ef969a" testName="GetApiInfo_WithPrimitiveBody_ReturnsCorrectSpec" computerName="QUICK-MINDS" duration="00:00:00.0001440" startTime="2025-06-25T12:18:24.8785177+02:00" endTime="2025-06-25T12:18:24.8786614+02:00" testType="13cdc9d9-ddb5-4fa4-a97d-d965ccfc6d4b" outcome="Passed" testListId="8c84fa94-04c1-424b-9868-57a2d4851a1d" relativeResultsDirectory="2ac6574d-7d18-4d39-bd74-aea293fa29bd" />
    <UnitTestResult executionId="dac9b193-435c-42bd-91e8-a8f795d4a351" testId="887d029e-4860-5b15-4c07-378bcd7bf245" testName="DetectPathTraversal_WithNullInput_ReturnsFalse" computerName="QUICK-MINDS" duration="00:00:00.0000190" startTime="2025-06-25T12:18:33.7688477+02:00" endTime="2025-06-25T12:18:33.7688671+02:00" testType="13cdc9d9-ddb5-4fa4-a97d-d965ccfc6d4b" outcome="Passed" testListId="8c84fa94-04c1-424b-9868-57a2d4851a1d" relativeResultsDirectory="dac9b193-435c-42bd-91e8-a8f795d4a351" />
    <UnitTestResult executionId="2e208344-524c-44e3-9ad4-fbad32a1cd87" testId="c6a64f23-1c6b-d0ce-0ec5-6091efc41d7f" testName="GetMethodFromAssembly_InvalidAssembly_ReturnsNull" computerName="QUICK-MINDS" duration="00:00:00.0006940" startTime="2025-06-25T12:18:32.0976152+02:00" endTime="2025-06-25T12:18:32.0983095+02:00" testType="13cdc9d9-ddb5-4fa4-a97d-d965ccfc6d4b" outcome="Passed" testListId="8c84fa94-04c1-424b-9868-57a2d4851a1d" relativeResultsDirectory="2e208344-524c-44e3-9ad4-fbad32a1cd87" />
    <UnitTestResult executionId="f3a96e62-b64d-4d4c-8e2a-df6375e95795" testId="2bbba20d-9dc2-ba83-df11-49e089af2ea3" testName="Test_INJECTION: Dangerous command rm -rf /" computerName="QUICK-MINDS" duration="00:00:00.0000030" startTime="2025-06-25T12:18:34.0295587+02:00" endTime="2025-06-25T12:18:34.0295621+02:00" testType="13cdc9d9-ddb5-4fa4-a97d-d965ccfc6d4b" outcome="Passed" testListId="8c84fa94-04c1-424b-9868-57a2d4851a1d" relativeResultsDirectory="f3a96e62-b64d-4d4c-8e2a-df6375e95795" />
    <UnitTestResult executionId="0119ae61-c7e1-4fb5-950e-e80419600cc4" testId="5d59332f-74d9-f4e9-637e-026048f4fe95" testName="SendAttackEvent_QueuesDetectedAttackEvent" computerName="QUICK-MINDS" duration="00:00:00.1752479" startTime="2025-06-25T12:18:23.7497971+02:00" endTime="2025-06-25T12:18:23.9250444+02:00" testType="13cdc9d9-ddb5-4fa4-a97d-d965ccfc6d4b" outcome="Passed" testListId="8c84fa94-04c1-424b-9868-57a2d4851a1d" relativeResultsDirectory="0119ae61-c7e1-4fb5-950e-e80419600cc4">
      <Output>
        <StdOut>AIKIDO: Attack detected: SqlInjection in Body login, blocked: True</StdOut>
      </Output>
    </UnitTestResult>
    <UnitTestResult executionId="51912cc0-ace0-490a-b3fc-dfe4370962b9" testId="c6e09c71-a837-3793-7059-dccc701831e6" testName="HasExactMatch_WithExactMatch_ShouldReturnTrue" computerName="QUICK-MINDS" duration="00:00:00.0002020" startTime="2025-06-25T12:18:32.1011458+02:00" endTime="2025-06-25T12:18:32.1013477+02:00" testType="13cdc9d9-ddb5-4fa4-a97d-d965ccfc6d4b" outcome="Passed" testListId="8c84fa94-04c1-424b-9868-57a2d4851a1d" relativeResultsDirectory="51912cc0-ace0-490a-b3fc-dfe4370962b9" />
    <UnitTestResult executionId="a19b2c3c-8210-45cd-8a7c-cfa2f1a5a9db" testId="761b56df-6e3e-b423-b67d-1e4193a96e72" testName="CreateRequest_ShouldCreateValidRequest" computerName="QUICK-MINDS" duration="00:00:00.0030260" startTime="2025-06-25T12:18:24.8133709+02:00" endTime="2025-06-25T12:18:24.8163963+02:00" testType="13cdc9d9-ddb5-4fa4-a97d-d965ccfc6d4b" outcome="Passed" testListId="8c84fa94-04c1-424b-9868-57a2d4851a1d" relativeResultsDirectory="a19b2c3c-8210-45cd-8a7c-cfa2f1a5a9db" />
    <UnitTestResult executionId="e133ea51-f903-486a-8ba2-b54c9c53fbb5" testId="6094a839-c959-bfa4-53ba-57ff51f5a464" testName="Test_SAFE: Command inside single quotes" computerName="QUICK-MINDS" duration="00:00:00.0000030" startTime="2025-06-25T12:18:34.0292768+02:00" endTime="2025-06-25T12:18:34.0292793+02:00" testType="13cdc9d9-ddb5-4fa4-a97d-d965ccfc6d4b" outcome="Passed" testListId="8c84fa94-04c1-424b-9868-57a2d4851a1d" relativeResultsDirectory="e133ea51-f903-486a-8ba2-b54c9c53fbb5" />
    <UnitTestResult executionId="39c45e27-cd16-4733-8f9b-9222b1d64cce" testId="df1f6ff0-c43f-b511-fd20-40b6493dfbeb" testName="Test_INJECTION: Dangerous command rm -rf" computerName="QUICK-MINDS" duration="00:00:00.0000030" startTime="2025-06-25T12:18:34.0295542+02:00" endTime="2025-06-25T12:18:34.0295568+02:00" testType="13cdc9d9-ddb5-4fa4-a97d-d965ccfc6d4b" outcome="Passed" testListId="8c84fa94-04c1-424b-9868-57a2d4851a1d" relativeResultsDirectory="39c45e27-cd16-4733-8f9b-9222b1d64cce" />
    <UnitTestResult executionId="d0ce23b0-7e0c-452b-b6e4-1c32470f873c" testId="03bacf20-f8bb-9875-7be9-4a8ac9f70beb" testName="AddAttackDetectedAndBlocked_ShouldIncrementAttacksBlocked" computerName="QUICK-MINDS" duration="00:00:00.0004170" startTime="2025-06-25T12:18:20.3600112+02:00" endTime="2025-06-25T12:18:20.3604278+02:00" testType="13cdc9d9-ddb5-4fa4-a97d-d965ccfc6d4b" outcome="Passed" testListId="8c84fa94-04c1-424b-9868-57a2d4851a1d" relativeResultsDirectory="d0ce23b0-7e0c-452b-b6e4-1c32470f873c" />
    <UnitTestResult executionId="592eee1e-01c6-41e5-ac49-2e4d5724a8de" testId="e7a39184-974a-42ac-8dbf-2dae9e1f3cad" testName="Test_Windows environment variable path" computerName="QUICK-MINDS" duration="00:00:00.0000040" startTime="2025-06-25T12:18:33.7686577+02:00" endTime="2025-06-25T12:18:33.7686618+02:00" testType="13cdc9d9-ddb5-4fa4-a97d-d965ccfc6d4b" outcome="Passed" testListId="8c84fa94-04c1-424b-9868-57a2d4851a1d" relativeResultsDirectory="592eee1e-01c6-41e5-ac49-2e4d5724a8de" />
    <UnitTestResult executionId="7544710e-a287-40ca-99e5-1f97595a29c9" testId="01663e64-0ca8-64cd-0fa3-e5f91de9da90" testName="AikidoToken_CanBeSetAndRetrieved" computerName="QUICK-MINDS" duration="00:00:00.0000950" startTime="2025-06-25T12:18:24.5363057+02:00" endTime="2025-06-25T12:18:24.5364003+02:00" testType="13cdc9d9-ddb5-4fa4-a97d-d965ccfc6d4b" outcome="Passed" testListId="8c84fa94-04c1-424b-9868-57a2d4851a1d" relativeResultsDirectory="7544710e-a287-40ca-99e5-1f97595a29c9" />
    <UnitTestResult executionId="7909e580-7ce1-49bb-86cd-834081bd3cdd" testId="b052ad76-8b80-3dcc-ad28-ddf8ba85e6ad" testName="ShouldAddRoute_ShouldReturnExpectedResult(&quot;/api/resource.aspx&quot;,&quot;GET&quot;,200,True)" computerName="QUICK-MINDS" duration="00:00:00.0000050" startTime="2025-06-25T12:18:32.1121410+02:00" endTime="2025-06-25T12:18:32.1121457+02:00" testType="13cdc9d9-ddb5-4fa4-a97d-d965ccfc6d4b" outcome="Passed" testListId="8c84fa94-04c1-424b-9868-57a2d4851a1d" relativeResultsDirectory="7909e580-7ce1-49bb-86cd-834081bd3cdd" />
    <UnitTestResult executionId="3cf70589-39d0-4329-a34b-1e0dc8d8a936" testId="c6344099-aba7-e194-ee86-3b450a01d138" testName="GetApiAuthType_WithBearerToken_ReturnsHttpBearer" computerName="QUICK-MINDS" duration="00:00:00.0001020" startTime="2025-06-25T12:18:24.8123517+02:00" endTime="2025-06-25T12:18:24.8124536+02:00" testType="13cdc9d9-ddb5-4fa4-a97d-d965ccfc6d4b" outcome="Passed" testListId="8c84fa94-04c1-424b-9868-57a2d4851a1d" relativeResultsDirectory="3cf70589-39d0-4329-a34b-1e0dc8d8a936" />
    <UnitTestResult executionId="a63abf1d-62d3-457b-866c-452afaf9862b" testId="5a08dad3-9edb-464b-fad6-3f7ff42d7db3" testName="Test_INJECTION: Command substitution with backticks" computerName="QUICK-MINDS" duration="00:00:00.0000030" startTime="2025-06-25T12:18:34.0291866+02:00" endTime="2025-06-25T12:18:34.0291895+02:00" testType="13cdc9d9-ddb5-4fa4-a97d-d965ccfc6d4b" outcome="Passed" testListId="8c84fa94-04c1-424b-9868-57a2d4851a1d" relativeResultsDirectory="a63abf1d-62d3-457b-866c-452afaf9862b" />
    <UnitTestResult executionId="f1650015-9c7d-4685-98c0-a86d3d5e7b63" testId="3c99b4d8-a61b-d00c-7526-64baddb13b0f" testName="DetectSQLInjection_WithDifferentSQLCommandTypes_ShouldHandleCorrectly" computerName="QUICK-MINDS" duration="00:00:00.0007970" startTime="2025-06-25T12:18:32.3495842+02:00" endTime="2025-06-25T12:18:32.3503807+02:00" testType="13cdc9d9-ddb5-4fa4-a97d-d965ccfc6d4b" outcome="Passed" testListId="8c84fa94-04c1-424b-9868-57a2d4851a1d" relativeResultsDirectory="f1650015-9c7d-4685-98c0-a86d3d5e7b63" />
    <UnitTestResult executionId="e3fd4684-ffac-4f63-b55d-df2f4e6098a2" testId="c795cace-aa78-f3a4-02e1-b68aff9f67e6" testName="MatchRoute_ShouldReturnExpectedResult(&quot;path/to/file.txt&quot;,&quot;path/to/file.txt?query=1&quot;,True)" computerName="QUICK-MINDS" duration="00:00:00.0000190" startTime="2025-06-25T12:18:32.1074285+02:00" endTime="2025-06-25T12:18:32.1074479+02:00" testType="13cdc9d9-ddb5-4fa4-a97d-d965ccfc6d4b" outcome="Passed" testListId="8c84fa94-04c1-424b-9868-57a2d4851a1d" relativeResultsDirectory="e3fd4684-ffac-4f63-b55d-df2f4e6098a2" />
    <UnitTestResult executionId="39119dc3-1c39-4db2-bc75-180abecb4671" testId="7f5c7173-3414-00a1-fb37-b765dd3020d1" testName="GetBodyDataType_WithUnknownContentType_ReturnsNull" computerName="QUICK-MINDS" duration="00:00:00.0000250" startTime="2025-06-25T12:18:24.8132412+02:00" endTime="2025-06-25T12:18:24.8132659+02:00" testType="13cdc9d9-ddb5-4fa4-a97d-d965ccfc6d4b" outcome="Passed" testListId="8c84fa94-04c1-424b-9868-57a2d4851a1d" relativeResultsDirectory="39119dc3-1c39-4db2-bc75-180abecb4671" />
    <UnitTestResult executionId="7939989b-4a78-4141-9620-481acbcc99a8" testId="a3549b38-83a4-812f-ff47-a1ff962ece3f" testName="DetectSQLInjection_WithParameterHandling_ShouldNotSendAttackEvent" computerName="QUICK-MINDS" duration="00:00:00.0006370" startTime="2025-06-25T12:18:32.3538199+02:00" endTime="2025-06-25T12:18:32.3544571+02:00" testType="13cdc9d9-ddb5-4fa4-a97d-d965ccfc6d4b" outcome="Passed" testListId="8c84fa94-04c1-424b-9868-57a2d4851a1d" relativeResultsDirectory="7939989b-4a78-4141-9620-481acbcc99a8" />
    <UnitTestResult executionId="4a1ba446-d54c-4e8c-a053-8e2692f39550" testId="334a77a6-f7c5-79fb-bbd7-3954f4d091fd" testName="IsRouteParameter_ShouldReturnExpectedResult(&quot;parameter&quot;,False)" computerName="QUICK-MINDS" duration="00:00:00.0000110" startTime="2025-06-25T12:18:32.1025574+02:00" endTime="2025-06-25T12:18:32.1025680+02:00" testType="13cdc9d9-ddb5-4fa4-a97d-d965ccfc6d4b" outcome="Passed" testListId="8c84fa94-04c1-424b-9868-57a2d4851a1d" relativeResultsDirectory="4a1ba446-d54c-4e8c-a053-8e2692f39550" />
    <UnitTestResult executionId="354a90e8-4950-4bb2-984b-22456b10e5ea" testId="46dd0bec-3b43-cbe3-11f0-ee0995fd98aa" testName="Test_9_SAFE: PostgreSQL named dollar sign quotes" computerName="QUICK-MINDS" duration="00:00:00.0000330" startTime="2025-06-25T12:18:34.0406518+02:00" endTime="2025-06-25T12:18:34.0406844+02:00" testType="13cdc9d9-ddb5-4fa4-a97d-d965ccfc6d4b" outcome="Passed" testListId="8c84fa94-04c1-424b-9868-57a2d4851a1d" relativeResultsDirectory="354a90e8-4950-4bb2-984b-22456b10e5ea" />
    <UnitTestResult executionId="992f0806-20c6-4b46-b868-2b352abd0328" testId="410774e8-0d74-de7e-0620-19153cd8eef3" testName="GetConfig_ShouldThrowExceptionOnError" computerName="QUICK-MINDS" duration="00:00:00.0009580" startTime="2025-06-25T12:18:34.0245879+02:00" endTime="2025-06-25T12:18:34.0255460+02:00" testType="13cdc9d9-ddb5-4fa4-a97d-d965ccfc6d4b" outcome="Passed" testListId="8c84fa94-04c1-424b-9868-57a2d4851a1d" relativeResultsDirectory="992f0806-20c6-4b46-b868-2b352abd0328" />
    <UnitTestResult executionId="59d805e6-7701-4543-87ab-7e9aac6717a6" testId="6d0d439b-2ed1-9641-902d-f455ab0ded93" testName="IsUserAgentBlocked_WithNonBlockedUserAgent_ReturnsFalse" computerName="QUICK-MINDS" duration="00:00:00.0001080" startTime="2025-06-25T12:18:20.3463743+02:00" endTime="2025-06-25T12:18:20.3464825+02:00" testType="13cdc9d9-ddb5-4fa4-a97d-d965ccfc6d4b" outcome="Passed" testListId="8c84fa94-04c1-424b-9868-57a2d4851a1d" relativeResultsDirectory="59d805e6-7701-4543-87ab-7e9aac6717a6" />
    <UnitTestResult executionId="20c433cc-55ca-44df-8e74-29d54e8dd8cc" testId="b1afdefd-94d0-bc84-bf9c-bb5e8fd260a9" testName="CaptureOutboundRequest_AddsHostnameToContext" computerName="QUICK-MINDS" duration="00:00:00.0006770" startTime="2025-06-25T12:18:20.8434353+02:00" endTime="2025-06-25T12:18:20.8441118+02:00" testType="13cdc9d9-ddb5-4fa4-a97d-d965ccfc6d4b" outcome="Passed" testListId="8c84fa94-04c1-424b-9868-57a2d4851a1d" relativeResultsDirectory="20c433cc-55ca-44df-8e74-29d54e8dd8cc" />
    <UnitTestResult executionId="1ca59840-0d1c-4332-8d52-83b01f7303b9" testId="95681d15-85a0-d870-358b-7f80494353d3" testName="Test_9_ATTACK: PostgreSQL dollar sign injection" computerName="QUICK-MINDS" duration="00:00:00.0000980" startTime="2025-06-25T12:18:34.0400707+02:00" endTime="2025-06-25T12:18:34.0401683+02:00" testType="13cdc9d9-ddb5-4fa4-a97d-d965ccfc6d4b" outcome="Passed" testListId="8c84fa94-04c1-424b-9868-57a2d4851a1d" relativeResultsDirectory="1ca59840-0d1c-4332-8d52-83b01f7303b9" />
    <UnitTestResult executionId="d1e9e26b-8835-4f5a-9326-8d392232478f" testId="6d668cba-9916-e7fb-622d-e26d25ebe76b" testName="Test_Double directory traversal with forward slash" computerName="QUICK-MINDS" duration="00:00:00.0000080" startTime="2025-06-25T12:18:33.7685013+02:00" endTime="2025-06-25T12:18:33.7685089+02:00" testType="13cdc9d9-ddb5-4fa4-a97d-d965ccfc6d4b" outcome="Passed" testListId="8c84fa94-04c1-424b-9868-57a2d4851a1d" relativeResultsDirectory="d1e9e26b-8835-4f5a-9326-8d392232478f" />
    <UnitTestResult executionId="4f87813a-edb2-4c05-af26-1d77454cc669" testId="b4507d6d-d876-f677-667e-9c3c1399d1c3" testName="CreateRequest_WithNullBaseUrl_ShouldThrowArgumentNullException" computerName="QUICK-MINDS" duration="00:00:00.0002910" startTime="2025-06-25T12:18:24.8164157+02:00" endTime="2025-06-25T12:18:24.8167070+02:00" testType="13cdc9d9-ddb5-4fa4-a97d-d965ccfc6d4b" outcome="Passed" testListId="8c84fa94-04c1-424b-9868-57a2d4851a1d" relativeResultsDirectory="4f87813a-edb2-4c05-af26-1d77454cc669" />
    <UnitTestResult executionId="1a001163-53cf-4c28-95c8-6b1c8421a9a9" testId="e6132e8e-5813-701c-2a38-83ab5ba6e2db" testName="UpdateAlllowedIps_ShouldUpdateAlllowedIpsPerUrl" computerName="QUICK-MINDS" duration="00:00:00.0003060" startTime="2025-06-25T12:18:24.7550528+02:00" endTime="2025-06-25T12:18:24.7553592+02:00" testType="13cdc9d9-ddb5-4fa4-a97d-d965ccfc6d4b" outcome="Passed" testListId="8c84fa94-04c1-424b-9868-57a2d4851a1d" relativeResultsDirectory="1a001163-53cf-4c28-95c8-6b1c8421a9a9" />
    <UnitTestResult executionId="e8dc4fa0-dc6b-4a74-9367-de2c242e866f" testId="cc7ca5e5-642c-3844-4002-9ed9e0afb328" testName="IsUserAgentBlocked_ShouldReturnTrue_WhenUserAgentIsBlocked" computerName="QUICK-MINDS" duration="00:00:00.0000880" startTime="2025-06-25T12:18:20.3998840+02:00" endTime="2025-06-25T12:18:20.3999716+02:00" testType="13cdc9d9-ddb5-4fa4-a97d-d965ccfc6d4b" outcome="Passed" testListId="8c84fa94-04c1-424b-9868-57a2d4851a1d" relativeResultsDirectory="e8dc4fa0-dc6b-4a74-9367-de2c242e866f" />
    <UnitTestResult executionId="88f630dc-ef33-4dee-9ec8-d55fe18fcfee" testId="999b95b2-ed6c-4f81-565a-8333094dd759" testName="Test_INJECTION: Command substitution with $(echo) inside double quotes" computerName="QUICK-MINDS" duration="00:00:00.0000040" startTime="2025-06-25T12:18:34.0291682+02:00" endTime="2025-06-25T12:18:34.0291719+02:00" testType="13cdc9d9-ddb5-4fa4-a97d-d965ccfc6d4b" outcome="Passed" testListId="8c84fa94-04c1-424b-9868-57a2d4851a1d" relativeResultsDirectory="88f630dc-ef33-4dee-9ec8-d55fe18fcfee" />
    <UnitTestResult executionId="9e4f1a8c-9e50-41bd-a1c9-00de3c21571e" testId="cfd593ac-2a09-215e-9a61-af80df6a687b" testName="Test_SAFE: Special character \ within quotes" computerName="QUICK-MINDS" duration="00:00:00.0000050" startTime="2025-06-25T12:18:34.0294761+02:00" endTime="2025-06-25T12:18:34.0294810+02:00" testType="13cdc9d9-ddb5-4fa4-a97d-d965ccfc6d4b" outcome="Passed" testListId="8c84fa94-04c1-424b-9868-57a2d4851a1d" relativeResultsDirectory="9e4f1a8c-9e50-41bd-a1c9-00de3c21571e" />
    <UnitTestResult executionId="7c555279-e743-4a62-a8d0-6108ca3a5874" testId="7cc56d5e-fa5f-5b35-4998-a7ca5adb2adc" testName="LooksLikeASecret_OnlyNumbers_ReturnsFalse(&quot;12345678901234567890&quot;)" computerName="QUICK-MINDS" duration="00:00:00.0000620" startTime="2025-06-25T12:18:32.1428542+02:00" endTime="2025-06-25T12:18:32.1429161+02:00" testType="13cdc9d9-ddb5-4fa4-a97d-d965ccfc6d4b" outcome="Passed" testListId="8c84fa94-04c1-424b-9868-57a2d4851a1d" relativeResultsDirectory="7c555279-e743-4a62-a8d0-6108ca3a5874" />
    <UnitTestResult executionId="09cbcde4-dd99-42ba-8600-b5281a393218" testId="586bbae1-688e-ee14-8220-8628e87062db" testName="ShouldAddRoute_ShouldReturnExpectedResult(&quot;/whatever/cgi-bin&quot;,&quot;GET&quot;,200,False)" computerName="QUICK-MINDS" duration="00:00:00.0000120" startTime="2025-06-25T12:18:32.1119918+02:00" endTime="2025-06-25T12:18:32.1120039+02:00" testType="13cdc9d9-ddb5-4fa4-a97d-d965ccfc6d4b" outcome="Passed" testListId="8c84fa94-04c1-424b-9868-57a2d4851a1d" relativeResultsDirectory="09cbcde4-dd99-42ba-8600-b5281a393218">
      <Output>
        <StdOut>AIKIDO: Route contains ignored string, skipping route</StdOut>
      </Output>
    </UnitTestResult>
    <UnitTestResult executionId="df4c4df8-ec85-4b12-a40e-8775a161bb66" testId="f130b72e-7bac-4dcc-380a-8fd6e22cf05c" testName="BuildRouteFromUrl_UUIDs_ReplacesWithUuidParam" computerName="QUICK-MINDS" duration="00:00:00.0002270" startTime="2025-06-25T12:18:32.1418650+02:00" endTime="2025-06-25T12:18:32.1420915+02:00" testType="13cdc9d9-ddb5-4fa4-a97d-d965ccfc6d4b" outcome="Passed" testListId="8c84fa94-04c1-424b-9868-57a2d4851a1d" relativeResultsDirectory="df4c4df8-ec85-4b12-a40e-8775a161bb66" />
    <UnitTestResult executionId="414bbfd3-7c51-4b46-a9f3-847f7c95d633" testId="23d8f209-5ae9-72dc-0fe3-5fe64c7d131d" testName="OnCommandExecuting_WithSQLInjectionInDryMode_ReturnsTrue" computerName="QUICK-MINDS" duration="00:00:00.0005990" startTime="2025-06-25T12:18:34.0385231+02:00" endTime="2025-06-25T12:18:34.0391220+02:00" testType="13cdc9d9-ddb5-4fa4-a97d-d965ccfc6d4b" outcome="Passed" testListId="8c84fa94-04c1-424b-9868-57a2d4851a1d" relativeResultsDirectory="414bbfd3-7c51-4b46-a9f3-847f7c95d633" />
    <UnitTestResult executionId="31996ad5-e600-4eea-9cc8-5a341f89c0cf" testId="bfc2cb6d-0318-6bfd-e893-5add16beb864" testName="Test_INJECTION: Dangerous command /bin/rm -rf" computerName="QUICK-MINDS" duration="00:00:00.0000030" startTime="2025-06-25T12:18:34.0295498+02:00" endTime="2025-06-25T12:18:34.0295530+02:00" testType="13cdc9d9-ddb5-4fa4-a97d-d965ccfc6d4b" outcome="Passed" testListId="8c84fa94-04c1-424b-9868-57a2d4851a1d" relativeResultsDirectory="31996ad5-e600-4eea-9cc8-5a341f89c0cf" />
    <UnitTestResult executionId="b5e4210e-d8cf-4538-9159-438133a7253f" testId="75834556-3459-7e67-b8d8-8b78f670e2d8" testName="Test_SAFE: Double spaces as user input" computerName="QUICK-MINDS" duration="00:00:00.0000030" startTime="2025-06-25T12:18:34.0291403+02:00" endTime="2025-06-25T12:18:34.0291431+02:00" testType="13cdc9d9-ddb5-4fa4-a97d-d965ccfc6d4b" outcome="Passed" testListId="8c84fa94-04c1-424b-9868-57a2d4851a1d" relativeResultsDirectory="b5e4210e-d8cf-4538-9159-438133a7253f" />
    <UnitTestResult executionId="66e05623-96e9-488c-95e6-427f08116778" testId="51584482-b1bb-8e50-76c9-28cfa7ff3c35" testName="ShouldHandleDifferentCIDRNotations" computerName="QUICK-MINDS" duration="00:00:00.0002100" startTime="2025-06-25T12:18:32.6177668+02:00" endTime="2025-06-25T12:18:32.6179764+02:00" testType="13cdc9d9-ddb5-4fa4-a97d-d965ccfc6d4b" outcome="Passed" testListId="8c84fa94-04c1-424b-9868-57a2d4851a1d" relativeResultsDirectory="66e05623-96e9-488c-95e6-427f08116778" />
    <UnitTestResult executionId="341cc22c-b43f-48fa-9b06-60be48186ba0" testId="e78b7483-c1c1-894d-5f1c-638d65739471" testName="GetSourceFromUserInputPath_ShouldIdentifyCorrectSource" computerName="QUICK-MINDS" duration="00:00:00.0003100" startTime="2025-06-25T12:18:24.8904218+02:00" endTime="2025-06-25T12:18:24.8907322+02:00" testType="13cdc9d9-ddb5-4fa4-a97d-d965ccfc6d4b" outcome="Passed" testListId="8c84fa94-04c1-424b-9868-57a2d4851a1d" relativeResultsDirectory="341cc22c-b43f-48fa-9b06-60be48186ba0" />
    <UnitTestResult executionId="1353eb0f-6d7b-4ad0-bfe1-cca617cf1a49" testId="3934b725-f8fa-3d6d-d1c7-9cd20781006f" testName="Ips_WithNullBlockedIpLists_ReturnsEmptyCollection" computerName="QUICK-MINDS" duration="00:00:00.0000560" startTime="2025-06-25T12:18:24.5378203+02:00" endTime="2025-06-25T12:18:24.5378759+02:00" testType="13cdc9d9-ddb5-4fa4-a97d-d965ccfc6d4b" outcome="Passed" testListId="8c84fa94-04c1-424b-9868-57a2d4851a1d" relativeResultsDirectory="1353eb0f-6d7b-4ad0-bfe1-cca617cf1a49" />
    <UnitTestResult executionId="fa7e97e2-604c-4768-9934-24112265cb29" testId="fab9d63c-8663-cd1b-fc0a-e7b9525a7f49" testName="OnCommandExecuting_WithSafeQuery_ReturnsTrue" computerName="QUICK-MINDS" duration="00:00:00.0003460" startTime="2025-06-25T12:18:34.0352384+02:00" endTime="2025-06-25T12:18:34.0355846+02:00" testType="13cdc9d9-ddb5-4fa4-a97d-d965ccfc6d4b" outcome="Passed" testListId="8c84fa94-04c1-424b-9868-57a2d4851a1d" relativeResultsDirectory="fa7e97e2-604c-4768-9934-24112265cb29" />
    <UnitTestResult executionId="40d3665b-22ed-4fd8-bbb9-5335f9c0e98f" testId="93c44f9c-ca83-60ae-b608-474ea2d32e38" testName="OnProcessStart_WithNullContext_ReturnsTrue" computerName="QUICK-MINDS" duration="00:00:00.0100290" startTime="2025-06-25T12:18:33.7689817+02:00" endTime="2025-06-25T12:18:33.7790104+02:00" testType="13cdc9d9-ddb5-4fa4-a97d-d965ccfc6d4b" outcome="Passed" testListId="8c84fa94-04c1-424b-9868-57a2d4851a1d" relativeResultsDirectory="40d3665b-22ed-4fd8-bbb9-5335f9c0e98f" />
    <UnitTestResult executionId="e0d175ef-0d76-401d-9602-9edd95960707" testId="00b36dc3-e770-6765-d35d-d0e3e58b069c" testName="CaptureRequest_WithNullBaseAddress_UsesRequestUri" computerName="QUICK-MINDS" duration="00:00:00.0012340" startTime="2025-06-25T12:18:32.5769092+02:00" endTime="2025-06-25T12:18:32.5781434+02:00" testType="13cdc9d9-ddb5-4fa4-a97d-d965ccfc6d4b" outcome="Passed" testListId="8c84fa94-04c1-424b-9868-57a2d4851a1d" relativeResultsDirectory="e0d175ef-0d76-401d-9602-9edd95960707">
      <Output>
        <StdOut>AIKIDO: Capturing outbound request to host: test.com</StdOut>
      </Output>
    </UnitTestResult>
    <UnitTestResult executionId="929ab02d-4bc6-48a4-82ef-1b9dcc46ad5c" testId="fd7132f6-845a-5e3a-81e9-ae1166b95555" testName="Test_9_ATTACK: PostgreSQL named dollar sign injection" computerName="QUICK-MINDS" duration="00:00:00.0001070" startTime="2025-06-25T12:18:34.0401812+02:00" endTime="2025-06-25T12:18:34.0402885+02:00" testType="13cdc9d9-ddb5-4fa4-a97d-d965ccfc6d4b" outcome="Passed" testListId="8c84fa94-04c1-424b-9868-57a2d4851a1d" relativeResultsDirectory="929ab02d-4bc6-48a4-82ef-1b9dcc46ad5c" />
    <UnitTestResult executionId="b4ba7e92-410b-4e31-878a-42d334169b96" testId="50dc03f6-b4cf-9fec-f5e6-443889f7bc6b" testName="Test_Double directory traversal with backslash" computerName="QUICK-MINDS" duration="00:00:00.0000040" startTime="2025-06-25T12:18:33.7685103+02:00" endTime="2025-06-25T12:18:33.7685148+02:00" testType="13cdc9d9-ddb5-4fa4-a97d-d965ccfc6d4b" outcome="Passed" testListId="8c84fa94-04c1-424b-9868-57a2d4851a1d" relativeResultsDirectory="b4ba7e92-410b-4e31-878a-42d334169b96" />
    <UnitTestResult executionId="126d406f-1b72-4ee7-921c-0b5d1e485c79" testId="9ddf4d1f-754f-7716-3e7d-84ec427a3896" testName="Test_SAFE: Encapsulated special character ;" computerName="QUICK-MINDS" duration="00:00:00.0000030" startTime="2025-06-25T12:18:34.0294273+02:00" endTime="2025-06-25T12:18:34.0294303+02:00" testType="13cdc9d9-ddb5-4fa4-a97d-d965ccfc6d4b" outcome="Passed" testListId="8c84fa94-04c1-424b-9868-57a2d4851a1d" relativeResultsDirectory="126d406f-1b72-4ee7-921c-0b5d1e485c79" />
    <UnitTestResult executionId="ac10a8fe-a85b-4e62-b929-4e4be484e3c9" testId="4943e6bf-1af6-c5e0-349e-b1f889106d29" testName="MatchRoute_ShouldReturnExpectedResult(&quot;/api/{id}/details&quot;,&quot;/api/123/other&quot;,False)" computerName="QUICK-MINDS" duration="00:00:00.0000080" startTime="2025-06-25T12:18:32.1073283+02:00" endTime="2025-06-25T12:18:32.1073364+02:00" testType="13cdc9d9-ddb5-4fa4-a97d-d965ccfc6d4b" outcome="Passed" testListId="8c84fa94-04c1-424b-9868-57a2d4851a1d" relativeResultsDirectory="ac10a8fe-a85b-4e62-b929-4e4be484e3c9" />
    <UnitTestResult executionId="4c6a3434-fd82-46f3-8605-aab3d779c86b" testId="26916a88-9069-eb80-63f1-1e64883f9aee" testName="BypassedIPs_ShouldOverrideBlockedIPs" computerName="QUICK-MINDS" duration="00:00:00.0000840" startTime="2025-06-25T12:18:24.5382981+02:00" endTime="2025-06-25T12:18:24.5383826+02:00" testType="13cdc9d9-ddb5-4fa4-a97d-d965ccfc6d4b" outcome="Passed" testListId="8c84fa94-04c1-424b-9868-57a2d4851a1d" relativeResultsDirectory="4c6a3434-fd82-46f3-8605-aab3d779c86b" />
    <UnitTestResult executionId="3235ba18-5a76-4151-b6e0-bb9a423182dc" testId="6295c945-19d9-2ff6-2b9f-e16807e7eb35" testName="ShouldHandleSlidingWindowEdgeCase" computerName="QUICK-MINDS" duration="00:00:02.1168650" startTime="2025-06-25T12:18:25.1931969+02:00" endTime="2025-06-25T12:18:27.3100611+02:00" testType="13cdc9d9-ddb5-4fa4-a97d-d965ccfc6d4b" outcome="Passed" testListId="8c84fa94-04c1-424b-9868-57a2d4851a1d" relativeResultsDirectory="3235ba18-5a76-4151-b6e0-bb9a423182dc" />
    <UnitTestResult executionId="548d5eb9-5d37-4658-9d34-20e146279e4e" testId="3f621fee-01de-03ec-b372-55624b3cf14d" testName="MatchRoute_EdgeCases_ShouldReturnExpectedResult(&quot;/api/resource/&quot;,&quot;/api/resource&quot;,True)" computerName="QUICK-MINDS" duration="00:00:00.0007260" startTime="2025-06-25T12:18:32.1061725+02:00" endTime="2025-06-25T12:18:32.1068984+02:00" testType="13cdc9d9-ddb5-4fa4-a97d-d965ccfc6d4b" outcome="Passed" testListId="8c84fa94-04c1-424b-9868-57a2d4851a1d" relativeResultsDirectory="548d5eb9-5d37-4658-9d34-20e146279e4e" />
    <UnitTestResult executionId="b0612f47-eee4-4e23-98d1-f6e7fd11763f" testId="c2bb81e7-7fc6-f11c-5ddc-7fc1abce030c" testName="GetInfo_ShouldReturnValidAgentInfo" computerName="QUICK-MINDS" duration="00:00:00.0005810" startTime="2025-06-25T12:18:24.8098877+02:00" endTime="2025-06-25T12:18:24.8104679+02:00" testType="13cdc9d9-ddb5-4fa4-a97d-d965ccfc6d4b" outcome="Passed" testListId="8c84fa94-04c1-424b-9868-57a2d4851a1d" relativeResultsDirectory="b0612f47-eee4-4e23-98d1-f6e7fd11763f" />
    <UnitTestResult executionId="cf25f549-5afb-4a2b-ae58-5fd4c21e1bad" testId="d97c4ea4-dee4-e192-af46-bb86b1c45f25" testName="AddRoute_WithNullUrl_HandlesGracefully" computerName="QUICK-MINDS" duration="00:00:00.0000920" startTime="2025-06-25T12:18:20.3856037+02:00" endTime="2025-06-25T12:18:20.3856959+02:00" testType="13cdc9d9-ddb5-4fa4-a97d-d965ccfc6d4b" outcome="Passed" testListId="8c84fa94-04c1-424b-9868-57a2d4851a1d" relativeResultsDirectory="cf25f549-5afb-4a2b-ae58-5fd4c21e1bad" />
    <UnitTestResult executionId="c7b936c5-6082-4375-b8c3-1dd0859f89cb" testId="ff230833-430c-e726-0abd-7afe986a53b6" testName="Time_ReturnsCurrentUTCTimestamp" computerName="QUICK-MINDS" duration="00:00:00.0001550" startTime="2025-06-25T12:18:24.8044234+02:00" endTime="2025-06-25T12:18:24.8045780+02:00" testType="13cdc9d9-ddb5-4fa4-a97d-d965ccfc6d4b" outcome="Passed" testListId="8c84fa94-04c1-424b-9868-57a2d4851a1d" relativeResultsDirectory="c7b936c5-6082-4375-b8c3-1dd0859f89cb" />
    <UnitTestResult executionId="7b801c56-ff6a-4f16-8a73-2cc9d6668118" testId="9a549657-a7f4-965b-3c1e-dcfe050d5ea9" testName="AikidoUrl_CanBeSetAndRetrieved" computerName="QUICK-MINDS" duration="00:00:00.0001210" startTime="2025-06-25T12:18:24.5364091+02:00" endTime="2025-06-25T12:18:24.5365306+02:00" testType="13cdc9d9-ddb5-4fa4-a97d-d965ccfc6d4b" outcome="Passed" testListId="8c84fa94-04c1-424b-9868-57a2d4851a1d" relativeResultsDirectory="7b801c56-ff6a-4f16-8a73-2cc9d6668118" />
    <UnitTestResult executionId="a66b4931-963b-4b22-8f79-d1d6dadf5e6c" testId="12d6e844-ca10-0fa8-fdb1-c4ee28d65daa" testName="UpdateBlockedIps_ShouldUpdateBlockedSubnets" computerName="QUICK-MINDS" duration="00:00:00.0001630" startTime="2025-06-25T12:18:20.3999744+02:00" endTime="2025-06-25T12:18:20.4001373+02:00" testType="13cdc9d9-ddb5-4fa4-a97d-d965ccfc6d4b" outcome="Passed" testListId="8c84fa94-04c1-424b-9868-57a2d4851a1d" relativeResultsDirectory="a66b4931-963b-4b22-8f79-d1d6dadf5e6c" />
    <UnitTestResult executionId="5b45862a-bc61-4954-978d-534d2ad1857e" testId="449b56b7-4b05-e089-98b5-8f26a61191d6" testName="GetStringFormat_WithInvalidString_ReturnsNull" computerName="QUICK-MINDS" duration="00:00:00.0000940" startTime="2025-06-25T12:18:32.3569639+02:00" endTime="2025-06-25T12:18:32.3570576+02:00" testType="13cdc9d9-ddb5-4fa4-a97d-d965ccfc6d4b" outcome="Passed" testListId="8c84fa94-04c1-424b-9868-57a2d4851a1d" relativeResultsDirectory="5b45862a-bc61-4954-978d-534d2ad1857e" />
    <UnitTestResult executionId="e916360d-5ed5-4abd-b95e-988ca3ee0224" testId="9f0e753b-8ae6-f72a-73ad-778e859af528" testName="Test_INJECTION: Dangerous command reboot" computerName="QUICK-MINDS" duration="00:00:00.0000040" startTime="2025-06-25T12:18:34.0295932+02:00" endTime="2025-06-25T12:18:34.0295971+02:00" testType="13cdc9d9-ddb5-4fa4-a97d-d965ccfc6d4b" outcome="Passed" testListId="8c84fa94-04c1-424b-9868-57a2d4851a1d" relativeResultsDirectory="e916360d-5ed5-4abd-b95e-988ca3ee0224" />
    <UnitTestResult executionId="feed7da7-3300-4ad3-a61a-d579694214f8" testId="770c19d5-6c07-0331-bd28-2a36a5a38d05" testName="Test_INJECTION: Special character ! inside double quotes" computerName="QUICK-MINDS" duration="00:00:00.0000030" startTime="2025-06-25T12:18:34.0292115+02:00" endTime="2025-06-25T12:18:34.0292147+02:00" testType="13cdc9d9-ddb5-4fa4-a97d-d965ccfc6d4b" outcome="Passed" testListId="8c84fa94-04c1-424b-9868-57a2d4851a1d" relativeResultsDirectory="feed7da7-3300-4ad3-a61a-d579694214f8" />
    <UnitTestResult executionId="d711704a-e08e-471d-90d3-d461ad8e4e84" testId="e4705cdd-5a70-e94b-af04-6c0e5a4598f9" testName="ConstructHeartbeat_ReturnsCorrectHeartbeatData" computerName="QUICK-MINDS" duration="00:00:00.0124429" startTime="2025-06-25T12:18:21.1214599+02:00" endTime="2025-06-25T12:18:21.1339024+02:00" testType="13cdc9d9-ddb5-4fa4-a97d-d965ccfc6d4b" outcome="Passed" testListId="8c84fa94-04c1-424b-9868-57a2d4851a1d" relativeResultsDirectory="d711704a-e08e-471d-90d3-d461ad8e4e84" />
    <UnitTestResult executionId="32ebf033-96c5-4ab3-b6b9-d83a531ef11d" testId="dc804c5d-ed97-059d-6cee-b11c6e4e1458" testName="UpdateBlockedUsers_ShouldUpdateBlockedUsersList" computerName="QUICK-MINDS" duration="00:00:00.0000730" startTime="2025-06-25T12:18:20.4005732+02:00" endTime="2025-06-25T12:18:20.4006457+02:00" testType="13cdc9d9-ddb5-4fa4-a97d-d965ccfc6d4b" outcome="Passed" testListId="8c84fa94-04c1-424b-9868-57a2d4851a1d" relativeResultsDirectory="32ebf033-96c5-4ab3-b6b9-d83a531ef11d" />
    <UnitTestResult executionId="807f4c27-c150-4014-9ab9-139b2bb93f1f" testId="157755f7-ef4a-4a53-b194-2e629f887d2e" testName="IsRequestAllowed_ShouldHandleNullEndpoints" computerName="QUICK-MINDS" duration="00:00:00.0033380" startTime="2025-06-25T12:18:25.1888770+02:00" endTime="2025-06-25T12:18:25.1922143+02:00" testType="13cdc9d9-ddb5-4fa4-a97d-d965ccfc6d4b" outcome="Passed" testListId="8c84fa94-04c1-424b-9868-57a2d4851a1d" relativeResultsDirectory="807f4c27-c150-4014-9ab9-139b2bb93f1f" />
    <UnitTestResult executionId="b8846f57-e377-4ba4-a250-27f4c3459856" testId="38de41ee-1587-e8dc-1e1e-991b597210a8" testName="MatchRoute_EdgeCases_ShouldReturnExpectedResult(&quot;&quot;,&quot;&quot;,True)" computerName="QUICK-MINDS" duration="00:00:00.0004630" startTime="2025-06-25T12:18:32.1056959+02:00" endTime="2025-06-25T12:18:32.1061590+02:00" testType="13cdc9d9-ddb5-4fa4-a97d-d965ccfc6d4b" outcome="Passed" testListId="8c84fa94-04c1-424b-9868-57a2d4851a1d" relativeResultsDirectory="b8846f57-e377-4ba4-a250-27f4c3459856" />
    <UnitTestResult executionId="f6e419d2-3020-433a-806b-274ab79dbdd0" testId="44ae273d-0dab-b2ee-b7c7-4f9fbf983de0" testName="DetectPathTraversal_WithNullContext_ReturnsFalse" computerName="QUICK-MINDS" duration="00:00:00.0001590" startTime="2025-06-25T12:18:25.0255111+02:00" endTime="2025-06-25T12:18:25.0256703+02:00" testType="13cdc9d9-ddb5-4fa4-a97d-d965ccfc6d4b" outcome="Passed" testListId="8c84fa94-04c1-424b-9868-57a2d4851a1d" relativeResultsDirectory="f6e419d2-3020-433a-806b-274ab79dbdd0" />
    <UnitTestResult executionId="a6f3de94-bcbf-4dfd-8f1a-57db5c216344" testId="7ee89a0f-8041-d185-b363-a9eb3c6b0e74" testName="OnFileOperation_AbsoluteInput_ReturnsTrueWhenNotBlocking(&quot;c:/windows/system32/cmd.exe&quot;)" computerName="QUICK-MINDS" duration="00:00:00.0010430" startTime="2025-06-25T12:18:32.6111744+02:00" endTime="2025-06-25T12:18:32.6122170+02:00" testType="13cdc9d9-ddb5-4fa4-a97d-d965ccfc6d4b" outcome="Passed" testListId="8c84fa94-04c1-424b-9868-57a2d4851a1d" relativeResultsDirectory="a6f3de94-bcbf-4dfd-8f1a-57db5c216344">
      <Output>
        <StdOut>AIKIDO: Attack detected: PathTraversal in Body File.ReadAllBytes, blocked: False</StdOut>
      </Output>
    </UnitTestResult>
    <UnitTestResult executionId="b97f291c-c1c9-4dac-81b7-1a3977c408b7" testId="90d8f474-64df-9f64-91fa-e195736de2fc" testName="ConfigureLogger_WithNullLogger_ShouldUseNullLogger" computerName="QUICK-MINDS" duration="00:00:00.0018620" startTime="2025-06-25T12:18:24.5130941+02:00" endTime="2025-06-25T12:18:24.5149563+02:00" testType="13cdc9d9-ddb5-4fa4-a97d-d965ccfc6d4b" outcome="Passed" testListId="8c84fa94-04c1-424b-9868-57a2d4851a1d" relativeResultsDirectory="b97f291c-c1c9-4dac-81b7-1a3977c408b7" />
    <UnitTestResult executionId="4b1bd5b5-6771-4e2b-a30c-18f2dd98107e" testId="e44947ed-a4ff-9336-9ca0-9f222244d99c" testName="Properties_SetAndGetCorrectly" computerName="QUICK-MINDS" duration="00:00:00.0002370" startTime="2025-06-25T12:18:24.8040118+02:00" endTime="2025-06-25T12:18:24.8042489+02:00" testType="13cdc9d9-ddb5-4fa4-a97d-d965ccfc6d4b" outcome="Passed" testListId="8c84fa94-04c1-424b-9868-57a2d4851a1d" relativeResultsDirectory="4b1bd5b5-6771-4e2b-a30c-18f2dd98107e" />
    <UnitTestResult executionId="713f14ad-f5a4-4a71-b8ec-72391b877b91" testId="ad2b5852-1c8f-f6e4-d7ae-2781cfd83bec" testName="GetDialect_ShouldReturnCorrectDialect(&quot;MySql.Data&quot;,MySQL)" computerName="QUICK-MINDS" duration="00:00:00.0001740" startTime="2025-06-25T12:18:34.0341499+02:00" endTime="2025-06-25T12:18:34.0343235+02:00" testType="13cdc9d9-ddb5-4fa4-a97d-d965ccfc6d4b" outcome="Passed" testListId="8c84fa94-04c1-424b-9868-57a2d4851a1d" relativeResultsDirectory="713f14ad-f5a4-4a71-b8ec-72391b877b91" />
    <UnitTestResult executionId="5a053726-b2c5-4eec-99eb-28825d69860c" testId="4c8e66fd-8a01-b1bb-f565-2c2cd746e108" testName="OnFileOperation_AbsoluteInput_ThrowsExceptionWhenBlocking(&quot;C:\\Windows\\System32\\cmd.exe&quot;)" computerName="QUICK-MINDS" duration="00:00:00.0002340" startTime="2025-06-25T12:18:32.6142951+02:00" endTime="2025-06-25T12:18:32.6145288+02:00" testType="13cdc9d9-ddb5-4fa4-a97d-d965ccfc6d4b" outcome="Passed" testListId="8c84fa94-04c1-424b-9868-57a2d4851a1d" relativeResultsDirectory="5a053726-b2c5-4eec-99eb-28825d69860c">
      <Output>
        <StdOut>AIKIDO: Attack detected: PathTraversal in Body File.ReadAllBytes, blocked: True</StdOut>
      </Output>
    </UnitTestResult>
    <UnitTestResult executionId="c5202de7-45f1-4081-83fa-c1a87af6ec19" testId="5ba4b920-23c4-1815-0b1c-7d3defee99f3" testName="ShouldAddRoute_RouteIsNull_ShouldReturnExpectedResult(null,&quot;OPTIONS&quot;,200,False)" computerName="QUICK-MINDS" duration="00:00:00.0002110" startTime="2025-06-25T12:18:32.1112339+02:00" endTime="2025-06-25T12:18:32.1114446+02:00" testType="13cdc9d9-ddb5-4fa4-a97d-d965ccfc6d4b" outcome="Passed" testListId="8c84fa94-04c1-424b-9868-57a2d4851a1d" relativeResultsDirectory="c5202de7-45f1-4081-83fa-c1a87af6ec19">
      <Output>
        <StdOut>AIKIDO: Not enough context, skipping route</StdOut>
      </Output>
    </UnitTestResult>
    <UnitTestResult executionId="d0f86675-30bf-4f1a-ba35-6c2aa9c22b69" testId="8009ccb9-79a8-ad29-764e-ca36d5eb8f65" testName="DetectPathTraversal_WithEmptyPath_ReturnsFalse" computerName="QUICK-MINDS" duration="00:00:00.0000320" startTime="2025-06-25T12:18:33.7687917+02:00" endTime="2025-06-25T12:18:33.7688232+02:00" testType="13cdc9d9-ddb5-4fa4-a97d-d965ccfc6d4b" outcome="Passed" testListId="8c84fa94-04c1-424b-9868-57a2d4851a1d" relativeResultsDirectory="d0f86675-30bf-4f1a-ba35-6c2aa9c22b69" />
    <UnitTestResult executionId="e74b3af0-50d4-4ab0-a1f0-f70485782fe1" testId="d060f294-9941-2d25-3a64-5381fad8c0ee" testName="SQLInjectionDetected_ShouldReturnCorrectMessage" computerName="QUICK-MINDS" duration="00:00:00.0000780" startTime="2025-06-25T12:18:24.5361256+02:00" endTime="2025-06-25T12:18:24.5362036+02:00" testType="13cdc9d9-ddb5-4fa4-a97d-d965ccfc6d4b" outcome="Passed" testListId="8c84fa94-04c1-424b-9868-57a2d4851a1d" relativeResultsDirectory="e74b3af0-50d4-4ab0-a1f0-f70485782fe1" />
    <UnitTestResult executionId="7898762a-53e0-46ba-8701-6a378f3c9ec2" testId="1df7a309-fd0a-9049-f289-613efb3972c0" testName="QueueEvent_WithNullToken_ThrowsArgumentNullException" computerName="QUICK-MINDS" duration="00:00:00.0006560" startTime="2025-06-25T12:18:21.6530865+02:00" endTime="2025-06-25T12:18:21.6537424+02:00" testType="13cdc9d9-ddb5-4fa4-a97d-d965ccfc6d4b" outcome="Passed" testListId="8c84fa94-04c1-424b-9868-57a2d4851a1d" relativeResultsDirectory="7898762a-53e0-46ba-8701-6a378f3c9ec2" />
    <UnitTestResult executionId="5d6d4fa9-3fdc-4ee7-87fb-91930c949dff" testId="07ec4f83-0b7f-c17f-8732-400091d9a8dd" testName="Test_INJECTION: File manipulation command" computerName="QUICK-MINDS" duration="00:00:00.0000040" startTime="2025-06-25T12:18:34.0293146+02:00" endTime="2025-06-25T12:18:34.0293187+02:00" testType="13cdc9d9-ddb5-4fa4-a97d-d965ccfc6d4b" outcome="Passed" testListId="8c84fa94-04c1-424b-9868-57a2d4851a1d" relativeResultsDirectory="5d6d4fa9-3fdc-4ee7-87fb-91930c949dff" />
    <UnitTestResult executionId="328eefc0-6e41-4984-8af1-2fc38635cc5e" testId="eae439b3-528b-b05e-471d-7236a0fb0e3d" testName="GetApiAuthType_WithNoAuth_ReturnsNull" computerName="QUICK-MINDS" duration="00:00:00.0000300" startTime="2025-06-25T12:18:24.8127920+02:00" endTime="2025-06-25T12:18:24.8128217+02:00" testType="13cdc9d9-ddb5-4fa4-a97d-d965ccfc6d4b" outcome="Passed" testListId="8c84fa94-04c1-424b-9868-57a2d4851a1d" relativeResultsDirectory="328eefc0-6e41-4984-8af1-2fc38635cc5e" />
    <UnitTestResult executionId="7e11be2c-d0f0-47d3-bf78-02aa272f5487" testId="9ccd32e6-c55e-1d1a-c8c7-edf5fdd1dbbb" testName="MatchEndpoints_WildcardRoute_ShouldMatchCorrectly" computerName="QUICK-MINDS" duration="00:00:00.0002500" startTime="2025-06-25T12:18:32.1051063+02:00" endTime="2025-06-25T12:18:32.1053558+02:00" testType="13cdc9d9-ddb5-4fa4-a97d-d965ccfc6d4b" outcome="Passed" testListId="8c84fa94-04c1-424b-9868-57a2d4851a1d" relativeResultsDirectory="7e11be2c-d0f0-47d3-bf78-02aa272f5487" />
    <UnitTestResult executionId="4f9203f3-2075-42bd-9555-a0dad0669fbd" testId="30ebe934-b142-0931-4b2d-dd338dc180e5" testName="Test_Absolute path with directory input and file path" computerName="QUICK-MINDS" duration="00:00:00.0000040" startTime="2025-06-25T12:18:33.7686851+02:00" endTime="2025-06-25T12:18:33.7686891+02:00" testType="13cdc9d9-ddb5-4fa4-a97d-d965ccfc6d4b" outcome="Passed" testListId="8c84fa94-04c1-424b-9868-57a2d4851a1d" relativeResultsDirectory="4f9203f3-2075-42bd-9555-a0dad0669fbd" />
    <UnitTestResult executionId="c3e60afe-efe8-48a6-8589-4b695be9c66b" testId="3462dc94-0c55-4ea0-5d05-c8bbad928de8" testName="MatchRoute_ShouldReturnExpectedResult(&quot;/api/{id}/details/{subId}/info?query=1&quot;,&quot;/api/123/details/456/info?query=2&quot;,True)" computerName="QUICK-MINDS" duration="00:00:00.0000040" startTime="2025-06-25T12:18:32.1073809+02:00" endTime="2025-06-25T12:18:32.1073849+02:00" testType="13cdc9d9-ddb5-4fa4-a97d-d965ccfc6d4b" outcome="Passed" testListId="8c84fa94-04c1-424b-9868-57a2d4851a1d" relativeResultsDirectory="c3e60afe-efe8-48a6-8589-4b695be9c66b" />
    <UnitTestResult executionId="ff7cd868-7fa5-4db1-975e-0ef9ff483f4a" testId="7ad8bccb-0537-6372-4ec7-81212912222a" testName="IsBlocked_ShouldCheckAllBlockingConditions" computerName="QUICK-MINDS" duration="00:00:00.0002999" startTime="2025-06-25T12:18:24.5498625+02:00" endTime="2025-06-25T12:18:24.5501628+02:00" testType="13cdc9d9-ddb5-4fa4-a97d-d965ccfc6d4b" outcome="Passed" testListId="8c84fa94-04c1-424b-9868-57a2d4851a1d" relativeResultsDirectory="ff7cd868-7fa5-4db1-975e-0ef9ff483f4a" />
    <UnitTestResult executionId="60468fde-2c8e-4a23-8fe5-3b5d19206651" testId="6752b227-d138-52b1-c3e8-09a1dfb3490a" testName="HasExactMatch_WithCaseInsensitiveMatch_ShouldReturnTrue" computerName="QUICK-MINDS" duration="00:00:00.0001210" startTime="2025-06-25T12:18:32.1009602+02:00" endTime="2025-06-25T12:18:32.1010812+02:00" testType="13cdc9d9-ddb5-4fa4-a97d-d965ccfc6d4b" outcome="Passed" testListId="8c84fa94-04c1-424b-9868-57a2d4851a1d" relativeResultsDirectory="60468fde-2c8e-4a23-8fe5-3b5d19206651" />
    <UnitTestResult executionId="1aef31a7-5968-44b7-a610-221f7a86c349" testId="61dd3d6e-e845-9e58-718c-b737b7b7e095" testName="GetApiInfo_WithNoContentTypeAndEmptyBody_ReturnsNull" computerName="QUICK-MINDS" duration="00:00:00.0001360" startTime="2025-06-25T12:18:24.8777632+02:00" endTime="2025-06-25T12:18:24.8778992+02:00" testType="13cdc9d9-ddb5-4fa4-a97d-d965ccfc6d4b" outcome="Passed" testListId="8c84fa94-04c1-424b-9868-57a2d4851a1d" relativeResultsDirectory="1aef31a7-5968-44b7-a610-221f7a86c349" />
    <UnitTestResult executionId="e494e775-f36c-4774-817a-9d7bcbd30320" testId="cf58ab51-2799-e368-e88f-823f1b1bb589" testName="Compression_RespectsMaxCompressedStatsLimit" computerName="QUICK-MINDS" duration="00:00:00.0044790" startTime="2025-06-25T12:18:34.0520703+02:00" endTime="2025-06-25T12:18:34.0565491+02:00" testType="13cdc9d9-ddb5-4fa4-a97d-d965ccfc6d4b" outcome="Passed" testListId="8c84fa94-04c1-424b-9868-57a2d4851a1d" relativeResultsDirectory="e494e775-f36c-4774-817a-9d7bcbd30320" />
    <UnitTestResult executionId="71471595-4838-4c0a-87ee-017ec06ca15b" testId="71597196-894a-f30e-695c-4d98eef04709" testName="LooksLikeASecret_KnownSecrets_ReturnsTrue(&quot;CnJ4DunhYfv2db6T1FRfciRBHtlNKOYrjoz&quot;)" computerName="QUICK-MINDS" duration="00:00:00.0000220" startTime="2025-06-25T12:18:32.1426288+02:00" endTime="2025-06-25T12:18:32.1426503+02:00" testType="13cdc9d9-ddb5-4fa4-a97d-d965ccfc6d4b" outcome="Passed" testListId="8c84fa94-04c1-424b-9868-57a2d4851a1d" relativeResultsDirectory="71471595-4838-4c0a-87ee-017ec06ca15b" />
    <UnitTestResult executionId="46612a7a-a09c-4c5c-8c7b-ab101af87e9f" testId="c1a317c0-9b8e-bdf2-13e0-7ac2b922a449" testName="MatchRoute_ShouldReturnExpectedResult(&quot;/api/{id}/details/{subId}/info&quot;,&quot;/api/123/details/456/other&quot;,False)" computerName="QUICK-MINDS" duration="00:00:00.0000090" startTime="2025-06-25T12:18:32.1073629+02:00" endTime="2025-06-25T12:18:32.1073722+02:00" testType="13cdc9d9-ddb5-4fa4-a97d-d965ccfc6d4b" outcome="Passed" testListId="8c84fa94-04c1-424b-9868-57a2d4851a1d" relativeResultsDirectory="46612a7a-a09c-4c5c-8c7b-ab101af87e9f" />
    <UnitTestResult executionId="17391797-6b2c-48a2-ab77-f1169b57edab" testId="69c4d8e8-f129-c80f-f10b-d7f19bc1ad6a" testName="PrivateIPs_ShouldAlwaysBeAllowed" computerName="QUICK-MINDS" duration="00:00:00.0007940" startTime="2025-06-25T12:18:24.7542367+02:00" endTime="2025-06-25T12:18:24.7550307+02:00" testType="13cdc9d9-ddb5-4fa4-a97d-d965ccfc6d4b" outcome="Failed" testListId="8c84fa94-04c1-424b-9868-57a2d4851a1d" relativeResultsDirectory="17391797-6b2c-48a2-ab77-f1169b57edab">
      <Output>
        <ErrorInfo>
          <Message>  Assert.That(reason, Is.EqualTo("Ip is private or local"))&#xD;
  String lengths are both 22. Strings differ at index 1.&#xD;
  Expected: "Ip is private or local"&#xD;
  But was:  "IP is private or local"&#xD;
  ------------^&#xD;
</Message>
          <StackTrace>   at Aikido.Zen.Test.BlockListTests.PrivateIPs_ShouldAlwaysBeAllowed() in C:\projects\Aikido\firewall-dotnet\Aikido.Zen.Test\BlockListTests.cs:line 310&#xD;

1)    at Aikido.Zen.Test.BlockListTests.PrivateIPs_ShouldAlwaysBeAllowed() in C:\projects\Aikido\firewall-dotnet\Aikido.Zen.Test\BlockListTests.cs:line 310&#xD;

</StackTrace>
        </ErrorInfo>
      </Output>
    </UnitTestResult>
    <UnitTestResult executionId="21a526b9-95fb-4426-acda-3415cb7f4321" testId="c587d179-7b41-dfa5-8bbe-5e1d2e65dbcd" testName="Ips_WithEmptyBlockedIpLists_ReturnsEmptyCollection" computerName="QUICK-MINDS" duration="00:00:00.0001280" startTime="2025-06-25T12:18:24.5366629+02:00" endTime="2025-06-25T12:18:24.5367904+02:00" testType="13cdc9d9-ddb5-4fa4-a97d-d965ccfc6d4b" outcome="Passed" testListId="8c84fa94-04c1-424b-9868-57a2d4851a1d" relativeResultsDirectory="21a526b9-95fb-4426-acda-3415cb7f4321" />
    <UnitTestResult executionId="a6d83d8c-221e-4826-9ede-cab78cb3ab42" testId="f0801d98-266a-bcf3-b6de-22de18ee944a" testName="Test_INJECTION: Redirection attempt" computerName="QUICK-MINDS" duration="00:00:00.0000030" startTime="2025-06-25T12:18:34.0292502+02:00" endTime="2025-06-25T12:18:34.0292535+02:00" testType="13cdc9d9-ddb5-4fa4-a97d-d965ccfc6d4b" outcome="Passed" testListId="8c84fa94-04c1-424b-9868-57a2d4851a1d" relativeResultsDirectory="a6d83d8c-221e-4826-9ede-cab78cb3ab42" />
    <UnitTestResult executionId="275ada0b-714a-4ec9-8646-02bdaad9d8d1" testId="b9926b4e-d994-abab-7b40-02322e874d68" testName="DetectSQLInjection_WithTransactionHandling_ShouldNotSendAttackEvent" computerName="QUICK-MINDS" duration="00:00:00.0002910" startTime="2025-06-25T12:18:32.3548240+02:00" endTime="2025-06-25T12:18:32.3551150+02:00" testType="13cdc9d9-ddb5-4fa4-a97d-d965ccfc6d4b" outcome="Passed" testListId="8c84fa94-04c1-424b-9868-57a2d4851a1d" relativeResultsDirectory="275ada0b-714a-4ec9-8646-02bdaad9d8d1" />
    <UnitTestResult executionId="53991d9d-4965-40e4-bd7c-8349d994c7c7" testId="dbcb3c3b-9ac8-c534-6392-c6bcf42860bc" testName="AddRoute_ShouldEvictLeastFrequentlyUsed_WhenMaxReached" computerName="QUICK-MINDS" duration="00:00:00.0102600" startTime="2025-06-25T12:18:20.3745927+02:00" endTime="2025-06-25T12:18:20.3848525+02:00" testType="13cdc9d9-ddb5-4fa4-a97d-d965ccfc6d4b" outcome="Passed" testListId="8c84fa94-04c1-424b-9868-57a2d4851a1d" relativeResultsDirectory="53991d9d-4965-40e4-bd7c-8349d994c7c7" />
    <UnitTestResult executionId="969955ba-27d4-40d3-9187-f03c84815cd6" testId="a993435b-777e-047f-0742-0583c5b7abf8" testName="ShouldAddRoute_ShouldReturnExpectedResult(&quot;/api/resource&quot;,&quot;OPTIONS&quot;,200,False)" computerName="QUICK-MINDS" duration="00:00:00.0002120" startTime="2025-06-25T12:18:32.1116682+02:00" endTime="2025-06-25T12:18:32.1118805+02:00" testType="13cdc9d9-ddb5-4fa4-a97d-d965ccfc6d4b" outcome="Passed" testListId="8c84fa94-04c1-424b-9868-57a2d4851a1d" relativeResultsDirectory="969955ba-27d4-40d3-9187-f03c84815cd6">
      <Output>
        <StdOut>AIKIDO: Status code not valid or method is excluded, skipping route</StdOut>
      </Output>
    </UnitTestResult>
    <UnitTestResult executionId="dfd9ad62-45a1-4970-a0ea-07bcf96d7790" testId="810e17a6-a517-3a97-b641-22d58cedaba4" testName="PathIsSingleRouteParameter_VariousPaths_ReturnsExpectedResult(&quot;&quot;,True)" computerName="QUICK-MINDS" duration="00:00:00.0001950" startTime="2025-06-25T12:18:32.1090932+02:00" endTime="2025-06-25T12:18:32.1092883+02:00" testType="13cdc9d9-ddb5-4fa4-a97d-d965ccfc6d4b" outcome="Passed" testListId="8c84fa94-04c1-424b-9868-57a2d4851a1d" relativeResultsDirectory="dfd9ad62-45a1-4970-a0ea-07bcf96d7790" />
    <UnitTestResult executionId="c9f70ca8-1513-4e1e-9085-30bd54e77d46" testId="c6c86d3b-8303-8970-bcb9-05f13ff637a2" testName="MatchEndpoints_SpecificMethodWithWildcardRoute_ShouldMatch" computerName="QUICK-MINDS" duration="00:00:00.0003080" startTime="2025-06-25T12:18:32.1044537+02:00" endTime="2025-06-25T12:18:32.1047612+02:00" testType="13cdc9d9-ddb5-4fa4-a97d-d965ccfc6d4b" outcome="Passed" testListId="8c84fa94-04c1-424b-9868-57a2d4851a1d" relativeResultsDirectory="c9f70ca8-1513-4e1e-9085-30bd54e77d46" />
    <UnitTestResult executionId="70b7cd5e-67c6-4741-84cf-865695c76bc5" testId="8af1c984-a4b7-59bd-c5c8-8b85f23c324f" testName="Test_SAFE: Command with constants that resemble user input but are safely encapsulated" computerName="QUICK-MINDS" duration="00:00:00.0000030" startTime="2025-06-25T12:18:34.0293250+02:00" endTime="2025-06-25T12:18:34.0293281+02:00" testType="13cdc9d9-ddb5-4fa4-a97d-d965ccfc6d4b" outcome="Passed" testListId="8c84fa94-04c1-424b-9868-57a2d4851a1d" relativeResultsDirectory="70b7cd5e-67c6-4741-84cf-865695c76bc5" />
    <UnitTestResult executionId="9b06839e-2938-4b54-bd28-8ced26ee7526" testId="daab2547-180a-f8a9-7740-3feaee405a05" testName="Test_Multiple directory traversal with backslash" computerName="QUICK-MINDS" duration="00:00:00.0000050" startTime="2025-06-25T12:18:33.7685218+02:00" endTime="2025-06-25T12:18:33.7685265+02:00" testType="13cdc9d9-ddb5-4fa4-a97d-d965ccfc6d4b" outcome="Passed" testListId="8c84fa94-04c1-424b-9868-57a2d4851a1d" relativeResultsDirectory="9b06839e-2938-4b54-bd28-8ced26ee7526" />
    <UnitTestResult executionId="efca72a6-5d06-4df1-9193-873d211697d9" testId="341eddb9-24ef-ef3e-7f52-dc2bf0d9b16e" testName="Test_SAFE: Special character * within quotes" computerName="QUICK-MINDS" duration="00:00:00.0000030" startTime="2025-06-25T12:18:34.0294683+02:00" endTime="2025-06-25T12:18:34.0294709+02:00" testType="13cdc9d9-ddb5-4fa4-a97d-d965ccfc6d4b" outcome="Passed" testListId="8c84fa94-04c1-424b-9868-57a2d4851a1d" relativeResultsDirectory="efca72a6-5d06-4df1-9193-873d211697d9" />
    <UnitTestResult executionId="dda07881-191f-4179-8e19-cf596571eb86" testId="528e29f6-3b0a-c44a-13df-4e07fa326be2" testName="ShouldAddRoute_ShouldReturnExpectedResult(&quot;/api/resource.asx&quot;,&quot;GET&quot;,200,True)" computerName="QUICK-MINDS" duration="00:00:00.0000040" startTime="2025-06-25T12:18:32.1121690+02:00" endTime="2025-06-25T12:18:32.1121729+02:00" testType="13cdc9d9-ddb5-4fa4-a97d-d965ccfc6d4b" outcome="Passed" testListId="8c84fa94-04c1-424b-9868-57a2d4851a1d" relativeResultsDirectory="dda07881-191f-4179-8e19-cf596571eb86" />
    <UnitTestResult executionId="20bfc25c-1282-40b6-ae51-ffed3406e3a5" testId="4b78bafb-ad93-5711-7e61-928dcb946cd9" testName="MatchRoute_ShouldReturnExpectedResult(&quot;path/to/file.txt&quot;,&quot;path/to/file.txt?query=1#section&quot;,True)" computerName="QUICK-MINDS" duration="00:00:00.0000180" startTime="2025-06-25T12:18:32.1074815+02:00" endTime="2025-06-25T12:18:32.1074997+02:00" testType="13cdc9d9-ddb5-4fa4-a97d-d965ccfc6d4b" outcome="Passed" testListId="8c84fa94-04c1-424b-9868-57a2d4851a1d" relativeResultsDirectory="20bfc25c-1282-40b6-ae51-ffed3406e3a5" />
    <UnitTestResult executionId="5f9cc048-93e2-4192-a2f2-6bb67c656266" testId="1cffbbed-df5a-b56a-0111-eb89aacbffee" testName="ShouldAddRoute_EdgeCases_ShouldReturnExpectedResult(&quot;/.hidden/resource&quot;,&quot;GET&quot;,200,True)" computerName="QUICK-MINDS" duration="00:00:00.0008410" startTime="2025-06-25T12:18:32.1101787+02:00" endTime="2025-06-25T12:18:32.1110198+02:00" testType="13cdc9d9-ddb5-4fa4-a97d-d965ccfc6d4b" outcome="Passed" testListId="8c84fa94-04c1-424b-9868-57a2d4851a1d" relativeResultsDirectory="5f9cc048-93e2-4192-a2f2-6bb67c656266" />
    <UnitTestResult executionId="8d13beb2-8e7e-4590-998f-8d8d0eec8164" testId="c0515cb7-0409-db12-bce8-4b747462c951" testName="ConcurrentAccess_ShouldHandleMultipleThreads" computerName="QUICK-MINDS" duration="00:00:00.0015860" startTime="2025-06-25T12:18:25.0285736+02:00" endTime="2025-06-25T12:18:25.0301594+02:00" testType="13cdc9d9-ddb5-4fa4-a97d-d965ccfc6d4b" outcome="Passed" testListId="8c84fa94-04c1-424b-9868-57a2d4851a1d" relativeResultsDirectory="8d13beb2-8e7e-4590-998f-8d8d0eec8164" />
    <UnitTestResult executionId="b052c9f2-22ef-4b4c-ae01-72144908dd5c" testId="67d8fbc9-d4ad-3fa9-a52e-71b16c3abe2c" testName="AttackLog_ShouldLogMessageAsInformation" computerName="QUICK-MINDS" duration="00:00:00.0011850" startTime="2025-06-25T12:18:25.0167782+02:00" endTime="2025-06-25T12:18:25.0179628+02:00" testType="13cdc9d9-ddb5-4fa4-a97d-d965ccfc6d4b" outcome="Passed" testListId="8c84fa94-04c1-424b-9868-57a2d4851a1d" relativeResultsDirectory="b052c9f2-22ef-4b4c-ae01-72144908dd5c" />
    <UnitTestResult executionId="8c266ef6-57c4-4476-aa49-cbf38f01c4dd" testId="d44d1ca2-7ce6-f1b0-292c-c00539946d6d" testName="Test_Absolute Linux path" computerName="QUICK-MINDS" duration="00:00:00.0000040" startTime="2025-06-25T12:18:33.7685675+02:00" endTime="2025-06-25T12:18:33.7685714+02:00" testType="13cdc9d9-ddb5-4fa4-a97d-d965ccfc6d4b" outcome="Passed" testListId="8c84fa94-04c1-424b-9868-57a2d4851a1d" relativeResultsDirectory="8c266ef6-57c4-4476-aa49-cbf38f01c4dd" />
    <UnitTestResult executionId="02dd1b33-1785-4f1d-8fa0-2b41e3389453" testId="d62531ef-23c7-fa7b-7c12-ea6cab3a4650" testName="Test_INJECTION: Nested command substitution" computerName="QUICK-MINDS" duration="00:00:00.0000030" startTime="2025-06-25T12:18:34.0291731+02:00" endTime="2025-06-25T12:18:34.0291762+02:00" testType="13cdc9d9-ddb5-4fa4-a97d-d965ccfc6d4b" outcome="Passed" testListId="8c84fa94-04c1-424b-9868-57a2d4851a1d" relativeResultsDirectory="02dd1b33-1785-4f1d-8fa0-2b41e3389453" />
    <UnitTestResult executionId="6b3f3110-249e-4144-95c1-5e1a7702f53a" testId="f95c51a3-77e6-220d-003d-5a9eec03688a" testName="LooksLikeASecret_WordSeparators_ReturnsFalse" computerName="QUICK-MINDS" duration="00:00:00.0000430" startTime="2025-06-25T12:18:32.1437328+02:00" endTime="2025-06-25T12:18:32.1437754+02:00" testType="13cdc9d9-ddb5-4fa4-a97d-d965ccfc6d4b" outcome="Passed" testListId="8c84fa94-04c1-424b-9868-57a2d4851a1d" relativeResultsDirectory="6b3f3110-249e-4144-95c1-5e1a7702f53a" />
    <UnitTestResult executionId="8da429c1-6418-42c5-acb3-d0b6466d7da4" testId="ec2a47e7-1dba-dca1-7577-ab8c38f10a5d" testName="MatchRoute_ShouldReturnExpectedResult(&quot;/api/{id}/details/{subId}/info&quot;,&quot;/api/123/details/456/info&quot;,True)" computerName="QUICK-MINDS" duration="00:00:00.0000040" startTime="2025-06-25T12:18:32.1073571+02:00" endTime="2025-06-25T12:18:32.1073607+02:00" testType="13cdc9d9-ddb5-4fa4-a97d-d965ccfc6d4b" outcome="Passed" testListId="8c84fa94-04c1-424b-9868-57a2d4851a1d" relativeResultsDirectory="8da429c1-6418-42c5-acb3-d0b6466d7da4" />
    <UnitTestResult executionId="6d93f4ff-74af-42b0-a10d-3f2580650381" testId="7a977ab7-5eb9-4457-e5f0-778aca977bd7" testName="ConcurrentAccess_ToHostnames_ShouldBeThreadSafe" computerName="QUICK-MINDS" duration="00:00:00.0025590" startTime="2025-06-25T12:18:24.7590173+02:00" endTime="2025-06-25T12:18:24.7615758+02:00" testType="13cdc9d9-ddb5-4fa4-a97d-d965ccfc6d4b" outcome="Passed" testListId="8c84fa94-04c1-424b-9868-57a2d4851a1d" relativeResultsDirectory="6d93f4ff-74af-42b0-a10d-3f2580650381" />
    <UnitTestResult executionId="e9ffb9cf-caf8-475a-8f43-060cf74f75c0" testId="959a76fd-9932-f100-1fa7-0feeda032261" testName="Test_Empty file path" computerName="QUICK-MINDS" duration="00:00:00.0000020" startTime="2025-06-25T12:18:33.7685375+02:00" endTime="2025-06-25T12:18:33.7685394+02:00" testType="13cdc9d9-ddb5-4fa4-a97d-d965ccfc6d4b" outcome="Passed" testListId="8c84fa94-04c1-424b-9868-57a2d4851a1d" relativeResultsDirectory="e9ffb9cf-caf8-475a-8f43-060cf74f75c0" />
    <UnitTestResult executionId="7d6a256b-15b5-4d5b-82e0-1b121e91412a" testId="58a8fa22-a5ab-87b8-9aa3-b29c29805be0" testName="MatchEndpoints_MultipleWildcards_ShouldFavorMoreSpecific" computerName="QUICK-MINDS" duration="00:00:00.0003600" startTime="2025-06-25T12:18:32.1030883+02:00" endTime="2025-06-25T12:18:32.1034478+02:00" testType="13cdc9d9-ddb5-4fa4-a97d-d965ccfc6d4b" outcome="Passed" testListId="8c84fa94-04c1-424b-9868-57a2d4851a1d" relativeResultsDirectory="7d6a256b-15b5-4d5b-82e0-1b121e91412a" />
    <UnitTestResult executionId="a8278a59-78d7-42a6-b94d-c301a0bd2077" testId="6bede98b-5580-f7c3-dddb-c28712d49aad" testName="Test_Empty user input" computerName="QUICK-MINDS" duration="00:00:00.0000030" startTime="2025-06-25T12:18:33.7685335+02:00" endTime="2025-06-25T12:18:33.7685364+02:00" testType="13cdc9d9-ddb5-4fa4-a97d-d965ccfc6d4b" outcome="Passed" testListId="8c84fa94-04c1-424b-9868-57a2d4851a1d" relativeResultsDirectory="a8278a59-78d7-42a6-b94d-c301a0bd2077" />
    <UnitTestResult executionId="601ebeee-af03-41fe-bd60-87c5391480e0" testId="59fedf9b-eb3b-4012-f62e-105d2ad0d89d" testName="CleanStackTrace_WithNullOrEmpty_ShouldReturnAsIs" computerName="QUICK-MINDS" duration="00:00:00.0000530" startTime="2025-06-25T12:18:34.0412389+02:00" endTime="2025-06-25T12:18:34.0412914+02:00" testType="13cdc9d9-ddb5-4fa4-a97d-d965ccfc6d4b" outcome="Passed" testListId="8c84fa94-04c1-424b-9868-57a2d4851a1d" relativeResultsDirectory="601ebeee-af03-41fe-bd60-87c5391480e0" />
    <UnitTestResult executionId="740f77d1-50f9-4b26-9efa-155e7f976318" testId="bee269a6-c942-97d5-9021-22316acfca10" testName="Test_INJECTION: Pipe character" computerName="QUICK-MINDS" duration="00:00:00.0000020" startTime="2025-06-25T12:18:34.0292629+02:00" endTime="2025-06-25T12:18:34.0292652+02:00" testType="13cdc9d9-ddb5-4fa4-a97d-d965ccfc6d4b" outcome="Passed" testListId="8c84fa94-04c1-424b-9868-57a2d4851a1d" relativeResultsDirectory="740f77d1-50f9-4b26-9efa-155e7f976318" />
    <UnitTestResult executionId="4424f841-4417-484f-b63f-bd59935a0031" testId="248a712b-5565-7fd2-686a-49bb139be5ab" testName="GetApiInfo_WithFormUrlEncodedBody_ReturnsCorrectSpec" computerName="QUICK-MINDS" duration="00:00:00.0031110" startTime="2025-06-25T12:18:24.8715910+02:00" endTime="2025-06-25T12:18:24.8747020+02:00" testType="13cdc9d9-ddb5-4fa4-a97d-d965ccfc6d4b" outcome="Passed" testListId="8c84fa94-04c1-424b-9868-57a2d4851a1d" relativeResultsDirectory="4424f841-4417-484f-b63f-bd59935a0031" />
    <UnitTestResult executionId="70b8b2de-5239-4cac-9289-b757b65b29ec" testId="b990dbe5-6c39-989b-2cac-3a2bb169d2e6" testName="Test_SAFE: Encapsulated pipe symbol" computerName="QUICK-MINDS" duration="00:00:00.0000030" startTime="2025-06-25T12:18:34.0294441+02:00" endTime="2025-06-25T12:18:34.0294471+02:00" testType="13cdc9d9-ddb5-4fa4-a97d-d965ccfc6d4b" outcome="Passed" testListId="8c84fa94-04c1-424b-9868-57a2d4851a1d" relativeResultsDirectory="70b8b2de-5239-4cac-9289-b757b65b29ec" />
    <UnitTestResult executionId="afee63d7-e0b3-4e4d-a39e-626d4de7aef4" testId="644d0a4e-ca58-9a39-bb11-7f22b2cc7937" testName="ShouldAddRoute_EdgeCases_ShouldReturnExpectedResult(&quot;/api/resource&quot;,&quot;GET&quot;,400,False)" computerName="QUICK-MINDS" duration="00:00:00.0000110" startTime="2025-06-25T12:18:32.1101656+02:00" endTime="2025-06-25T12:18:32.1101764+02:00" testType="13cdc9d9-ddb5-4fa4-a97d-d965ccfc6d4b" outcome="Passed" testListId="8c84fa94-04c1-424b-9868-57a2d4851a1d" relativeResultsDirectory="afee63d7-e0b3-4e4d-a39e-626d4de7aef4">
      <Output>
        <StdOut>AIKIDO: Status code not valid or method is excluded, skipping route</StdOut>
      </Output>
    </UnitTestResult>
    <UnitTestResult executionId="59805bb8-d8b7-4c52-9be3-f57903b35c90" testId="88a777cf-8fe2-aacb-f773-d2ac04c4efdc" testName="AddOrUpdate_UpdatesExistingItem_AndIncrementsHits" computerName="QUICK-MINDS" duration="00:00:00.0001450" startTime="2025-06-25T12:18:24.7958818+02:00" endTime="2025-06-25T12:18:24.7960269+02:00" testType="13cdc9d9-ddb5-4fa4-a97d-d965ccfc6d4b" outcome="Passed" testListId="8c84fa94-04c1-424b-9868-57a2d4851a1d" relativeResultsDirectory="59805bb8-d8b7-4c52-9be3-f57903b35c90" />
    <UnitTestResult executionId="c66ca1d8-bb4f-481d-9aba-f91e13a3d30b" testId="48f9c1f7-2e15-d04a-c081-c4f3c9b2d680" testName="GetKeys_ReturnsAllCurrentKeys" computerName="QUICK-MINDS" duration="00:00:00.0001940" startTime="2025-06-25T12:18:24.7994109+02:00" endTime="2025-06-25T12:18:24.7996052+02:00" testType="13cdc9d9-ddb5-4fa4-a97d-d965ccfc6d4b" outcome="Passed" testListId="8c84fa94-04c1-424b-9868-57a2d4851a1d" relativeResultsDirectory="c66ca1d8-bb4f-481d-9aba-f91e13a3d30b" />
    <UnitTestResult executionId="25d31fff-5816-4003-bd1b-af390992421c" testId="3aa6de71-291d-cd10-b297-ab30b6484e9f" testName="Test_INJECTION: Dangerous command ifconfig" computerName="QUICK-MINDS" duration="00:00:00.0000040" startTime="2025-06-25T12:18:34.0296033+02:00" endTime="2025-06-25T12:18:34.0296069+02:00" testType="13cdc9d9-ddb5-4fa4-a97d-d965ccfc6d4b" outcome="Passed" testListId="8c84fa94-04c1-424b-9868-57a2d4851a1d" relativeResultsDirectory="25d31fff-5816-4003-bd1b-af390992421c" />
    <UnitTestResult executionId="638e62d3-9a89-4f0a-8b9b-16f23c412e6f" testId="bb2a70e1-33f6-47b5-cb89-1a1b64bce5db" testName="AttackLog_ShouldSanitizeMessage_WhenMessageContainsDangerousCharacters" computerName="QUICK-MINDS" duration="00:00:00.0009260" startTime="2025-06-25T12:18:25.0179824+02:00" endTime="2025-06-25T12:18:25.0189085+02:00" testType="13cdc9d9-ddb5-4fa4-a97d-d965ccfc6d4b" outcome="Passed" testListId="8c84fa94-04c1-424b-9868-57a2d4851a1d" relativeResultsDirectory="638e62d3-9a89-4f0a-8b9b-16f23c412e6f" />
    <UnitTestResult executionId="95f79e23-e4d4-4f77-89e4-fe9903eab8ed" testId="b8faa365-d5ed-6e09-84a1-885ea04dce25" testName="SendBlockingAttackEvent_UpdatesAttackDetectedAndBlocked" computerName="QUICK-MINDS" duration="00:00:00.1615910" startTime="2025-06-25T12:18:23.9259708+02:00" endTime="2025-06-25T12:18:24.0875614+02:00" testType="13cdc9d9-ddb5-4fa4-a97d-d965ccfc6d4b" outcome="Passed" testListId="8c84fa94-04c1-424b-9868-57a2d4851a1d" relativeResultsDirectory="95f79e23-e4d4-4f77-89e4-fe9903eab8ed">
      <Output>
        <StdOut>AIKIDO: Attack detected: SqlInjection in Body login, blocked: True</StdOut>
      </Output>
    </UnitTestResult>
    <UnitTestResult executionId="a9798d9b-c889-4e10-9775-c4f63929b63f" testId="c5fd5a34-48b2-20a3-fe2a-77532e40321b" testName="UpdateBlockedIps_WithNullInput_ShouldHandleGracefully" computerName="QUICK-MINDS" duration="00:00:00.0000560" startTime="2025-06-25T12:18:20.4002351+02:00" endTime="2025-06-25T12:18:20.4002911+02:00" testType="13cdc9d9-ddb5-4fa4-a97d-d965ccfc6d4b" outcome="Passed" testListId="8c84fa94-04c1-424b-9868-57a2d4851a1d" relativeResultsDirectory="a9798d9b-c889-4e10-9775-c4f63929b63f" />
    <UnitTestResult executionId="37a99088-45a1-45ae-b31c-7006203f33cf" testId="446c4c4d-2663-d1a4-e77c-08cdbbc09e25" testName="GetBodyDataType_WithTextXml_ReturnsXml" computerName="QUICK-MINDS" duration="00:00:00.0000280" startTime="2025-06-25T12:18:24.8132119+02:00" endTime="2025-06-25T12:18:24.8132394+02:00" testType="13cdc9d9-ddb5-4fa4-a97d-d965ccfc6d4b" outcome="Passed" testListId="8c84fa94-04c1-424b-9868-57a2d4851a1d" relativeResultsDirectory="37a99088-45a1-45ae-b31c-7006203f33cf" />
    <UnitTestResult executionId="1af8d398-3d27-4054-9e7f-55222ab8e447" testId="191fdfa5-0829-92e0-8b8e-8c84a19496c3" testName="Clear_ShouldRemoveAllItems" computerName="QUICK-MINDS" duration="00:00:00.0005460" startTime="2025-06-25T12:18:32.6193261+02:00" endTime="2025-06-25T12:18:32.6198724+02:00" testType="13cdc9d9-ddb5-4fa4-a97d-d965ccfc6d4b" outcome="Passed" testListId="8c84fa94-04c1-424b-9868-57a2d4851a1d" relativeResultsDirectory="1af8d398-3d27-4054-9e7f-55222ab8e447" />
    <UnitTestResult executionId="068958f1-e1f6-4540-99f1-14686c89417c" testId="0eff9d8c-7c22-ca94-7b01-6de1d58b7444" testName="Test_INJECTION: Dangerous command reboot -f" computerName="QUICK-MINDS" duration="00:00:00.0000030" startTime="2025-06-25T12:18:34.0295983+02:00" endTime="2025-06-25T12:18:34.0296012+02:00" testType="13cdc9d9-ddb5-4fa4-a97d-d965ccfc6d4b" outcome="Passed" testListId="8c84fa94-04c1-424b-9868-57a2d4851a1d" relativeResultsDirectory="068958f1-e1f6-4540-99f1-14686c89417c" />
    <UnitTestResult executionId="13498e5c-d5d3-431f-8dcb-2475eec7507b" testId="ca12315e-2e31-8b6c-7a8e-32ae89b5d78e" testName="GetApiInfo_WithComplexNestedBody_ReturnsCorrectSpec" computerName="QUICK-MINDS" duration="00:00:00.0045140" startTime="2025-06-25T12:18:24.8670538+02:00" endTime="2025-06-25T12:18:24.8715674+02:00" testType="13cdc9d9-ddb5-4fa4-a97d-d965ccfc6d4b" outcome="Passed" testListId="8c84fa94-04c1-424b-9868-57a2d4851a1d" relativeResultsDirectory="13498e5c-d5d3-431f-8dcb-2475eec7507b" />
    <UnitTestResult executionId="836765cc-b003-4e92-b0d7-85a93bc3ef5b" testId="f7346364-2999-9e30-2e3f-fadfca96e39f" testName="CaptureRequest_ExtractsHostAndPort_ReturnsTrue" computerName="QUICK-MINDS" duration="00:00:00.0215300" startTime="2025-06-25T12:18:32.5782889+02:00" endTime="2025-06-25T12:18:32.5998182+02:00" testType="13cdc9d9-ddb5-4fa4-a97d-d965ccfc6d4b" outcome="Passed" testListId="8c84fa94-04c1-424b-9868-57a2d4851a1d" relativeResultsDirectory="836765cc-b003-4e92-b0d7-85a93bc3ef5b">
      <Output>
        <StdOut>AIKIDO: Capturing outbound request to host: example.com</StdOut>
      </Output>
    </UnitTestResult>
    <UnitTestResult executionId="787915ca-6378-4e79-a4a2-b072d86a8791" testId="4825e894-5289-1ed0-6821-784226bd04f9" testName="Test_multipart/form-data; boundary=boundary_7" computerName="QUICK-MINDS" duration="00:00:00.0007860" startTime="2025-06-25T12:18:24.9058414+02:00" endTime="2025-06-25T12:18:24.9066276+02:00" testType="13cdc9d9-ddb5-4fa4-a97d-d965ccfc6d4b" outcome="Passed" testListId="8c84fa94-04c1-424b-9868-57a2d4851a1d" relativeResultsDirectory="787915ca-6378-4e79-a4a2-b072d86a8791" />
    <UnitTestResult executionId="8415a6e5-9f41-4d30-989c-f82ab8fa7181" testId="b9613bcd-8f56-e33b-52dc-3e4c111a37a8" testName="Constructor_CreatesValidInstance" computerName="QUICK-MINDS" duration="00:00:00.0001470" startTime="2025-06-25T12:18:33.9213349+02:00" endTime="2025-06-25T12:18:33.9214819+02:00" testType="13cdc9d9-ddb5-4fa4-a97d-d965ccfc6d4b" outcome="Passed" testListId="8c84fa94-04c1-424b-9868-57a2d4851a1d" relativeResultsDirectory="8415a6e5-9f41-4d30-989c-f82ab8fa7181" />
    <UnitTestResult executionId="b5ffa459-6a23-4955-8247-bd40cbf1a154" testId="a808b2ca-a3a6-1af8-2dc2-3895f8d906b8" testName="IsIpInRange_WithInvalidIP_ShouldReturnFalse" computerName="QUICK-MINDS" duration="00:00:00.0000290" startTime="2025-06-25T12:18:32.6177367+02:00" endTime="2025-06-25T12:18:32.6177652+02:00" testType="13cdc9d9-ddb5-4fa4-a97d-d965ccfc6d4b" outcome="Passed" testListId="8c84fa94-04c1-424b-9868-57a2d4851a1d" relativeResultsDirectory="b5ffa459-6a23-4955-8247-bd40cbf1a154" />
    <UnitTestResult executionId="1dfb5e87-3756-4229-a376-e5c478b56938" testId="d9bc2b51-6662-48ca-6a6d-38099fc26155" testName="MatchRoute_ShouldReturnExpectedResult(&quot;/api/{id}/details&quot;,&quot;/api/123/details&quot;,True)" computerName="QUICK-MINDS" duration="00:00:00.0000060" startTime="2025-06-25T12:18:32.1073190+02:00" endTime="2025-06-25T12:18:32.1073250+02:00" testType="13cdc9d9-ddb5-4fa4-a97d-d965ccfc6d4b" outcome="Passed" testListId="8c84fa94-04c1-424b-9868-57a2d4851a1d" relativeResultsDirectory="1dfb5e87-3756-4229-a376-e5c478b56938" />
    <UnitTestResult executionId="ef97eea7-e428-47f5-a832-c9e2003c20ea" testId="43709198-5aeb-f17d-037c-75e5093aca2c" testName="SendNonBlockingAttackEvent_UpdatesAttackDetectedAndNotBlocked" computerName="QUICK-MINDS" duration="00:00:00.1609810" startTime="2025-06-25T12:18:24.0876440+02:00" endTime="2025-06-25T12:18:24.2486244+02:00" testType="13cdc9d9-ddb5-4fa4-a97d-d965ccfc6d4b" outcome="Passed" testListId="8c84fa94-04c1-424b-9868-57a2d4851a1d" relativeResultsDirectory="ef97eea7-e428-47f5-a832-c9e2003c20ea">
      <Output>
        <StdOut>AIKIDO: Attack detected: SqlInjection in Body login, blocked: False</StdOut>
      </Output>
    </UnitTestResult>
    <UnitTestResult executionId="0b7d8f65-cf7d-4a51-ad2c-188638707316" testId="b7e30521-de20-93d7-8cd1-eba72abc123d" testName="ShouldAddRoute_EdgeCases_ShouldReturnExpectedResult(&quot;/.hidden/resource/file.css&quot;,&quot;GET&quot;,200,False)" computerName="QUICK-MINDS" duration="00:00:00.0000480" startTime="2025-06-25T12:18:32.1110296+02:00" endTime="2025-06-25T12:18:32.1110777+02:00" testType="13cdc9d9-ddb5-4fa4-a97d-d965ccfc6d4b" outcome="Passed" testListId="8c84fa94-04c1-424b-9868-57a2d4851a1d" relativeResultsDirectory="0b7d8f65-cf7d-4a51-ad2c-188638707316">
      <Output>
        <StdOut>AIKIDO: Extension not allowed, skipping route</StdOut>
      </Output>
    </UnitTestResult>
    <UnitTestResult executionId="9c804dbe-e5e2-453e-8f9a-503f5b7ae6b0" testId="f0ad4570-5631-ccb5-f73d-7be8bf9f394e" testName="IsUserBlocked_WithNonBlockedUser_ReturnsFalse" computerName="QUICK-MINDS" duration="00:00:00.0000320" startTime="2025-06-25T12:18:20.3465497+02:00" endTime="2025-06-25T12:18:20.3465819+02:00" testType="13cdc9d9-ddb5-4fa4-a97d-d965ccfc6d4b" outcome="Passed" testListId="8c84fa94-04c1-424b-9868-57a2d4851a1d" relativeResultsDirectory="9c804dbe-e5e2-453e-8f9a-503f5b7ae6b0" />
    <UnitTestResult executionId="2974dc8e-c97c-4163-a835-5969955dda00" testId="8bc7847b-0665-ec73-92e2-32912c2d0f21" testName="GetDialect_ShouldReturnCorrectDialect(&quot;MySqlConnector&quot;,MySQL)" computerName="QUICK-MINDS" duration="00:00:00.0001110" startTime="2025-06-25T12:18:34.0344436+02:00" endTime="2025-06-25T12:18:34.0345550+02:00" testType="13cdc9d9-ddb5-4fa4-a97d-d965ccfc6d4b" outcome="Passed" testListId="8c84fa94-04c1-424b-9868-57a2d4851a1d" relativeResultsDirectory="2974dc8e-c97c-4163-a835-5969955dda00" />
    <UnitTestResult executionId="54d1567b-bb6a-48e9-bb32-b0cca9674cc8" testId="825c8281-950e-f0a9-f472-289284b8cc5a" testName="Test_INJECTION: Unsafely quoted command substitution" computerName="QUICK-MINDS" duration="00:00:00.0000030" startTime="2025-06-25T12:18:34.0291913+02:00" endTime="2025-06-25T12:18:34.0291938+02:00" testType="13cdc9d9-ddb5-4fa4-a97d-d965ccfc6d4b" outcome="Passed" testListId="8c84fa94-04c1-424b-9868-57a2d4851a1d" relativeResultsDirectory="54d1567b-bb6a-48e9-bb32-b0cca9674cc8" />
    <UnitTestResult executionId="d704f201-4ed5-4539-99c2-b83c69d4d844" testId="634f0420-01fd-d693-cb31-afae6d60cc55" testName="Test_Current directory with traversal" computerName="QUICK-MINDS" duration="00:00:00.0000040" startTime="2025-06-25T12:18:33.7685281+02:00" endTime="2025-06-25T12:18:33.7685318+02:00" testType="13cdc9d9-ddb5-4fa4-a97d-d965ccfc6d4b" outcome="Passed" testListId="8c84fa94-04c1-424b-9868-57a2d4851a1d" relativeResultsDirectory="d704f201-4ed5-4539-99c2-b83c69d4d844" />
    <UnitTestResult executionId="0b1d3811-a0f6-48da-8b1e-5c14656c6887" testId="48e055db-e6e2-b900-a271-301c1a54c734" testName="IsIpInRange_ShouldWorkWithZeroAddress" computerName="QUICK-MINDS" duration="00:00:00.0001260" startTime="2025-06-25T12:18:32.6175632+02:00" endTime="2025-06-25T12:18:32.6176894+02:00" testType="13cdc9d9-ddb5-4fa4-a97d-d965ccfc6d4b" outcome="Passed" testListId="8c84fa94-04c1-424b-9868-57a2d4851a1d" relativeResultsDirectory="0b1d3811-a0f6-48da-8b1e-5c14656c6887" />
    <UnitTestResult executionId="2e41ff82-f38f-4ed9-b5cf-076bd96330f0" testId="792b853a-34b5-09b1-90ee-c996e93c56d5" testName="GetInfo_ServerlessDetection_AWS" computerName="QUICK-MINDS" duration="00:00:00.0001220" startTime="2025-06-25T12:18:24.8096880+02:00" endTime="2025-06-25T12:18:24.8098101+02:00" testType="13cdc9d9-ddb5-4fa4-a97d-d965ccfc6d4b" outcome="Passed" testListId="8c84fa94-04c1-424b-9868-57a2d4851a1d" relativeResultsDirectory="2e41ff82-f38f-4ed9-b5cf-076bd96330f0" />
    <UnitTestResult executionId="01630075-c053-4439-8f63-23697c15a2a4" testId="8a427b87-54f5-ffb6-3189-dc4cf4c5aa62" testName="MatchRoute_ShouldReturnExpectedResult(&quot;/api/{id}/details/{subId}/info&quot;,&quot;/api/123/details/456/info#section&quot;,True)" computerName="QUICK-MINDS" duration="00:00:00.0000030" startTime="2025-06-25T12:18:32.1073939+02:00" endTime="2025-06-25T12:18:32.1073973+02:00" testType="13cdc9d9-ddb5-4fa4-a97d-d965ccfc6d4b" outcome="Passed" testListId="8c84fa94-04c1-424b-9868-57a2d4851a1d" relativeResultsDirectory="01630075-c053-4439-8f63-23697c15a2a4" />
    <UnitTestResult executionId="6082fae6-b91e-4914-9424-9218e3338edf" testId="da6cbdbc-b397-f9fb-2252-08d545c3703f" testName="MatchEndpoints_NoMethod_ShouldReturnEmptyList" computerName="QUICK-MINDS" duration="00:00:00.0000490" startTime="2025-06-25T12:18:32.1035834+02:00" endTime="2025-06-25T12:18:32.1036321+02:00" testType="13cdc9d9-ddb5-4fa4-a97d-d965ccfc6d4b" outcome="Passed" testListId="8c84fa94-04c1-424b-9868-57a2d4851a1d" relativeResultsDirectory="6082fae6-b91e-4914-9424-9218e3338edf" />
    <UnitTestResult executionId="e5ac5455-cbd5-4dad-a504-1467e8fddf06" testId="9a849c8a-a6b3-865d-bee1-b74d23588b06" testName="CalculatePercentiles_NegativeValues" computerName="QUICK-MINDS" duration="00:00:00.0006310" startTime="2025-06-25T12:18:34.0480958+02:00" endTime="2025-06-25T12:18:34.0487268+02:00" testType="13cdc9d9-ddb5-4fa4-a97d-d965ccfc6d4b" outcome="Passed" testListId="8c84fa94-04c1-424b-9868-57a2d4851a1d" relativeResultsDirectory="e5ac5455-cbd5-4dad-a504-1467e8fddf06" />
[...]
    <TestEntry testId="3248cdae-7dbf-1263-3acc-f865d257ac58" executionId="3853c070-5fb3-4fe6-aa45-a1760dd4e2e5" testListId="8c84fa94-04c1-424b-9868-57a2d4851a1d" />
    <TestEntry testId="3db1623a-2e4e-54fd-65a8-f6dd7aabb5a3" executionId="c9748e54-6754-4674-be7c-8ec2f02a8fde" testListId="8c84fa94-04c1-424b-9868-57a2d4851a1d" />
    <TestEntry testId="bccff753-10f5-a78f-4b16-704cdee373b4" executionId="4fc917b0-1536-4bc7-a71a-d33637e8e655" testListId="8c84fa94-04c1-424b-9868-57a2d4851a1d" />
    <TestEntry testId="c1cc79ee-cc53-993d-8d10-de344e33f162" executionId="d55893ce-e075-4ea3-ada4-3a49daae9d46" testListId="8c84fa94-04c1-424b-9868-57a2d4851a1d" />
    <TestEntry testId="961b22c7-42e6-88e9-0037-c8c3730a0783" executionId="1fc3870b-9e77-454a-afdb-f878c2c2bcd9" testListId="8c84fa94-04c1-424b-9868-57a2d4851a1d" />
    <TestEntry testId="0c6d5fcb-7d45-0733-35aa-26fd149b40cf" executionId="c28eae0c-8fc3-4387-90aa-e26f1f12d727" testListId="8c84fa94-04c1-424b-9868-57a2d4851a1d" />
    <TestEntry testId="35dd80bd-4040-413e-c11f-cf66bc280529" executionId="ea2f0d10-6309-4777-95fe-ddcbf0e057ca" testListId="8c84fa94-04c1-424b-9868-57a2d4851a1d" />
    <TestEntry testId="cb78f51b-92d7-922c-755b-c62b6f47b229" executionId="1d423664-10cf-4009-b1ac-cc30ff1cd858" testListId="8c84fa94-04c1-424b-9868-57a2d4851a1d" />
    <TestEntry testId="6eb81c38-633d-1253-dccc-64b7983ad2bf" executionId="a491eacf-56b5-48b3-9073-ec94b1f59e61" testListId="8c84fa94-04c1-424b-9868-57a2d4851a1d" />
    <TestEntry testId="32efdbd5-a03d-8f28-5682-4b7c08770726" executionId="67b831b8-7966-45da-ac0f-5e4296679599" testListId="8c84fa94-04c1-424b-9868-57a2d4851a1d" />
    <TestEntry testId="4869e48a-f404-25c5-b6bb-95f7a7ee7f9b" executionId="b22f2816-0a11-4e78-8720-707c9826bf71" testListId="8c84fa94-04c1-424b-9868-57a2d4851a1d" />
    <TestEntry testId="b9118fc9-476d-50e4-095e-d07f54d5ca4a" executionId="356a9203-ec86-401a-ba24-9a076b024330" testListId="8c84fa94-04c1-424b-9868-57a2d4851a1d" />
    <TestEntry testId="2780ea2f-9b80-3576-880d-c992e5b1404f" executionId="5f05b431-d29b-4a1d-8274-b798fe0ae3b9" testListId="8c84fa94-04c1-424b-9868-57a2d4851a1d" />
    <TestEntry testId="cc4d33fa-bac0-0502-a505-07a94d079c0f" executionId="1375f8ba-25d9-4683-88e9-f3b916634a5d" testListId="8c84fa94-04c1-424b-9868-57a2d4851a1d" />
    <TestEntry testId="9d0d31f5-8749-6faf-1245-2a7444733c65" executionId="fe4ba534-30d1-4968-89b7-1ebaae8d14a4" testListId="8c84fa94-04c1-424b-9868-57a2d4851a1d" />
    <TestEntry testId="bddffcb3-16a0-bf86-427e-8da97df9350a" executionId="6a579832-54f1-4517-9e99-881199187ab2" testListId="8c84fa94-04c1-424b-9868-57a2d4851a1d" />
    <TestEntry testId="87cd23bf-5e95-9ae5-5ecf-b35ba6537b6c" executionId="9a4be28c-63e3-4cc9-b495-842471df809e" testListId="8c84fa94-04c1-424b-9868-57a2d4851a1d" />
    <TestEntry testId="589c7ebd-78d6-ed65-fd0f-dc69e56df5bf" executionId="73755f7e-bcc3-423f-817f-955c819592d1" testListId="8c84fa94-04c1-424b-9868-57a2d4851a1d" />
    <TestEntry testId="620d13c8-3980-e334-acc2-badfda184233" executionId="ff90490c-03a6-4b0d-9de6-42e4b5c9d8c0" testListId="8c84fa94-04c1-424b-9868-57a2d4851a1d" />
    <TestEntry testId="1a107d84-d5d3-a539-cfb2-9a52e39a3ebe" executionId="c111f03d-9212-4b9e-be4b-d2d6cac1a1b3" testListId="8c84fa94-04c1-424b-9868-57a2d4851a1d" />
    <TestEntry testId="c1ca06b3-7ebe-89e4-3f33-f5f3b26bd689" executionId="f583dbef-37d5-4233-aa6f-f47e059cd293" testListId="8c84fa94-04c1-424b-9868-57a2d4851a1d" />
    <TestEntry testId="9d5152b8-4e2b-09b9-cd04-9375c612360c" executionId="4813c984-0dd4-4c63-8f1d-2466e7fb03ac" testListId="8c84fa94-04c1-424b-9868-57a2d4851a1d" />
    <TestEntry testId="d99a5c1e-8e13-c4b6-2625-2c3e52aa0b7b" executionId="3309fe4a-198b-4a93-a2f3-9eda290698e9" testListId="8c84fa94-04c1-424b-9868-57a2d4851a1d" />
    <TestEntry testId="2b11ceb0-c7f3-744c-029d-437cb09d25d0" executionId="32b18c2f-3bff-4b8e-a200-90af2f4a4224" testListId="8c84fa94-04c1-424b-9868-57a2d4851a1d" />
    <TestEntry testId="15ad495d-f199-9262-6bd0-c7fedb536b68" executionId="03344e86-d54a-4339-82c6-81c17f13b9e6" testListId="8c84fa94-04c1-424b-9868-57a2d4851a1d" />
    <TestEntry testId="e0c34787-c3eb-3cff-0665-7e26cc2b061b" executionId="a949e668-ca3a-4d1e-88b7-b2f1e0378f5a" testListId="8c84fa94-04c1-424b-9868-57a2d4851a1d" />
    <TestEntry testId="52caf5e6-25c6-0dcd-b01b-5571dd0b96d4" executionId="b9885851-091a-40e2-904c-82535d92cf37" testListId="8c84fa94-04c1-424b-9868-57a2d4851a1d" />
    <TestEntry testId="cac94e10-03a6-79f3-8354-8b7d55a90a51" executionId="9fcd828f-06c4-4c56-b2f5-efb2a2cccb09" testListId="8c84fa94-04c1-424b-9868-57a2d4851a1d" />
    <TestEntry testId="d0b9126c-12c7-66d8-a5d1-96de83106360" executionId="c4e2e71b-d3e4-4897-94d9-60f38a859415" testListId="8c84fa94-04c1-424b-9868-57a2d4851a1d" />
    <TestEntry testId="9da95370-45f7-c3b1-a2de-664c6907f018" executionId="43205238-651f-4e87-9496-187949f6e070" testListId="8c84fa94-04c1-424b-9868-57a2d4851a1d" />
    <TestEntry testId="1da10769-5907-91df-2835-ea8c0b9df1bf" executionId="7ebe5b42-b08f-4495-b54b-1da73dd2e92b" testListId="8c84fa94-04c1-424b-9868-57a2d4851a1d" />
    <TestEntry testId="87e3d9a9-bed7-fb1d-41e5-bccb686d72db" executionId="2db54de0-4ddf-4515-99e9-6d8fb5a393aa" testListId="8c84fa94-04c1-424b-9868-57a2d4851a1d" />
    <TestEntry testId="c4a26d74-5c09-c21a-8345-e8869ab7fc25" executionId="d27b122e-8e94-4794-b488-84983d808d24" testListId="8c84fa94-04c1-424b-9868-57a2d4851a1d" />
    <TestEntry testId="201fc74b-03b8-087d-b33c-513a5037ce83" executionId="c49b2cb1-b783-44f6-935f-c5482baf38ba" testListId="8c84fa94-04c1-424b-9868-57a2d4851a1d" />
    <TestEntry testId="a8b37858-d904-0af2-a7f5-7bd7003f32f2" executionId="92836a4b-4b7f-4791-adb1-1475ca78470d" testListId="8c84fa94-04c1-424b-9868-57a2d4851a1d" />
    <TestEntry testId="ff1a28f0-bc1d-a657-624d-459e3f4490d6" executionId="cb05a6ef-b172-4033-9bad-20009ee6f0e7" testListId="8c84fa94-04c1-424b-9868-57a2d4851a1d" />
    <TestEntry testId="6475d4ee-7cab-e68c-1380-e655e8edd0dc" executionId="7ca0a2eb-b7b4-443c-87c6-056bae7ac9d9" testListId="8c84fa94-04c1-424b-9868-57a2d4851a1d" />
    <TestEntry testId="e305a3a9-a0af-221b-3e73-46d06a104ebe" executionId="d5adee17-c13a-4f78-bbf8-2909cfbdc446" testListId="8c84fa94-04c1-424b-9868-57a2d4851a1d" />
    <TestEntry testId="a8a6eabf-82b4-d824-849b-beef4f30a32f" executionId="24cff3f3-75ef-40eb-8910-e48a29d9c675" testListId="8c84fa94-04c1-424b-9868-57a2d4851a1d" />
    <TestEntry testId="40c298da-d7b2-bb81-12a2-6b0843e40a73" executionId="1d89fb5d-cdbb-43dc-a224-e801775f0566" testListId="8c84fa94-04c1-424b-9868-57a2d4851a1d" />
    <TestEntry testId="ba89a58b-8ac8-0e21-8bb0-0739d156a9de" executionId="0dbb9c1b-c372-440f-8e62-13edd766c5c4" testListId="8c84fa94-04c1-424b-9868-57a2d4851a1d" />
    <TestEntry testId="36767e63-d1fe-4c0d-1a79-cfefc70dc112" executionId="67c1ad11-08d3-4ee7-8118-68455fa028be" testListId="8c84fa94-04c1-424b-9868-57a2d4851a1d" />
    <TestEntry testId="1cdf14f2-35f7-c357-585b-bb378f8de45a" executionId="6d1e07d8-ade1-486e-89b7-b244821c6e60" testListId="8c84fa94-04c1-424b-9868-57a2d4851a1d" />
    <TestEntry testId="20f3287a-cdb4-41d7-11b6-13da7adf8144" executionId="c843f0c8-990f-4658-85f8-8dfe7acf5fa3" testListId="8c84fa94-04c1-424b-9868-57a2d4851a1d" />
    <TestEntry testId="e9a97ffb-1f80-df8d-c99a-b917cc9fe33b" executionId="a8e85f11-2d08-4ca6-9819-4c030862a275" testListId="8c84fa94-04c1-424b-9868-57a2d4851a1d" />
  </TestEntries>
  <TestLists>
    <TestList name="Results Not in a List" id="8c84fa94-04c1-424b-9868-57a2d4851a1d" />
    <TestList name="All Loaded Results" id="19431567-8539-422a-85d7-44ee4e166bda" />
  </TestLists>
  <ResultSummary outcome="Failed">
    <Counters total="749" executed="749" passed="746" failed="3" error="0" timeout="0" aborted="0" inconclusive="0" passedButRunAborted="0" notRunnable="0" notExecuted="0" disconnected="0" warning="0" completed="0" inProgress="0" pending="0" />
    <Output>
      <StdOut>NUnit Adapter 4.5.0.0: Test execution started&#xD;
Running all tests in C:\projects\Aikido\firewall-dotnet\Aikido.Zen.Test\bin\Release\net9.0\Aikido.Zen.Tests.dll&#xD;
   NUnit3TestExecutor discovered 749 of 749 NUnit test cases using Current Discovery mode, Non-Explicit run&#xD;
NUnit Adapter 4.5.0.0: Test execution complete&#xD;
AIKIDO: Sending event: detected_attack&#xD;
</StdOut>
    </Output>
    <RunInfos>
      <RunInfo computerName="QUICK-MINDS" outcome="Warning" timestamp="2025-06-25T12:18:23.9266486+02:00">
        <Text>AIKIDO: Attack detected: SqlInjection in Body login, blocked: True&#xD;
</Text>
      </RunInfo>
      <RunInfo computerName="QUICK-MINDS" outcome="Warning" timestamp="2025-06-25T12:18:23.9269704+02:00">
        <Text>AIKIDO: Attack detected: SqlInjection in Query operation, blocked: True&#xD;
</Text>
      </RunInfo>
      <RunInfo computerName="QUICK-MINDS" outcome="Warning" timestamp="2025-06-25T12:18:24.0882595+02:00">
        <Text>AIKIDO: Attack detected: SqlInjection in Body login, blocked: True&#xD;
</Text>
      </RunInfo>
      <RunInfo computerName="QUICK-MINDS" outcome="Warning" timestamp="2025-06-25T12:18:24.2492822+02:00">
        <Text>AIKIDO: Attack detected: SqlInjection in Body login, blocked: False&#xD;
</Text>
      </RunInfo>
      <RunInfo computerName="QUICK-MINDS" outcome="Warning" timestamp="2025-06-25T12:18:24.5126529+02:00">
        <Text>AIKIDO: Zen Agent v1.2.5 started&#xD;
</Text>
      </RunInfo>
      <RunInfo computerName="QUICK-MINDS" outcome="Warning" timestamp="2025-06-25T12:18:24.7993732+02:00">
        <Text>Final dictionary size: 10&#xD;
Final total hits across items: 10&#xD;
</Text>
      </RunInfo>
      <RunInfo computerName="QUICK-MINDS" outcome="Warning" timestamp="2025-06-25T12:18:25.0254863+02:00">
        <Text>AIKIDO: Attack detected: PathTraversal in Query TestOperation, blocked: False&#xD;
</Text>
      </RunInfo>
      <RunInfo computerName="QUICK-MINDS" outcome="Warning" timestamp="2025-06-25T12:18:25.0271172+02:00">
        <Text>AIKIDO: Attack detected: PathTraversal in Body TestOperation, blocked: False&#xD;
</Text>
      </RunInfo>
      <RunInfo computerName="QUICK-MINDS" outcome="Warning" timestamp="2025-06-25T12:18:32.1150397+02:00">
        <Text>AIKIDO: Not enough context, skipping route&#xD;
</Text>
      </RunInfo>
      <RunInfo computerName="QUICK-MINDS" outcome="Warning" timestamp="2025-06-25T12:18:32.1152361+02:00">
        <Text>AIKIDO: Not enough context, skipping route&#xD;
</Text>
      </RunInfo>
      <RunInfo computerName="QUICK-MINDS" outcome="Warning" timestamp="2025-06-25T12:18:32.1153985+02:00">
        <Text>AIKIDO: Not enough context, skipping route&#xD;
</Text>
      </RunInfo>
      <RunInfo computerName="QUICK-MINDS" outcome="Warning" timestamp="2025-06-25T12:18:32.1155551+02:00">
        <Text>AIKIDO: Status code not valid or method is excluded, skipping route&#xD;
</Text>
      </RunInfo>
      <RunInfo computerName="QUICK-MINDS" outcome="Warning" timestamp="2025-06-25T12:18:32.1157068+02:00">
        <Text>AIKIDO: Status code not valid or method is excluded, skipping route&#xD;
</Text>
      </RunInfo>
      <RunInfo computerName="QUICK-MINDS" outcome="Warning" timestamp="2025-06-25T12:18:32.1158714+02:00">
        <Text>AIKIDO: Extension not allowed, skipping route&#xD;
</Text>
      </RunInfo>
      <RunInfo computerName="QUICK-MINDS" outcome="Warning" timestamp="2025-06-25T12:18:32.1160488+02:00">
        <Text>AIKIDO: Route contains ignored string, skipping route&#xD;
</Text>
      </RunInfo>
      <RunInfo computerName="QUICK-MINDS" outcome="Warning" timestamp="2025-06-25T12:18:32.1179958+02:00">
        <Text>AIKIDO: Not enough context, skipping route&#xD;
</Text>
      </RunInfo>
      <RunInfo computerName="QUICK-MINDS" outcome="Warning" timestamp="2025-06-25T12:18:32.1181496+02:00">
        <Text>AIKIDO: Not enough context, skipping route&#xD;
</Text>
      </RunInfo>
      <RunInfo computerName="QUICK-MINDS" outcome="Warning" timestamp="2025-06-25T12:18:32.1183366+02:00">
        <Text>AIKIDO: Not enough context, skipping route&#xD;
</Text>
      </RunInfo>
      <RunInfo computerName="QUICK-MINDS" outcome="Warning" timestamp="2025-06-25T12:18:32.1184890+02:00">
        <Text>AIKIDO: Status code not valid or method is excluded, skipping route&#xD;
</Text>
      </RunInfo>
      <RunInfo computerName="QUICK-MINDS" outcome="Warning" timestamp="2025-06-25T12:18:32.1186819+02:00">
        <Text>AIKIDO: Status code not valid or method is excluded, skipping route&#xD;
</Text>
      </RunInfo>
      <RunInfo computerName="QUICK-MINDS" outcome="Warning" timestamp="2025-06-25T12:18:32.1206182+02:00">
        <Text>AIKIDO: Extension not allowed, skipping route&#xD;
</Text>
      </RunInfo>
      <RunInfo computerName="QUICK-MINDS" outcome="Warning" timestamp="2025-06-25T12:18:32.1207981+02:00">
        <Text>AIKIDO: Route contains ignored string, skipping route&#xD;
</Text>
      </RunInfo>
      <RunInfo computerName="QUICK-MINDS" outcome="Warning" timestamp="2025-06-25T12:18:32.1209872+02:00">
        <Text>AIKIDO: Route contains ignored string, skipping route&#xD;
</Text>
      </RunInfo>
      <RunInfo computerName="QUICK-MINDS" outcome="Warning" timestamp="2025-06-25T12:18:32.1211676+02:00">
        <Text>AIKIDO: Extension not allowed, skipping route&#xD;
</Text>
      </RunInfo>
      <RunInfo computerName="QUICK-MINDS" outcome="Warning" timestamp="2025-06-25T12:18:32.1213560+02:00">
        <Text>AIKIDO: Extension not allowed, skipping route&#xD;
</Text>
      </RunInfo>
      <RunInfo computerName="QUICK-MINDS" outcome="Warning" timestamp="2025-06-25T12:18:32.1215345+02:00">
        <Text>AIKIDO: Extension not allowed, skipping route&#xD;
</Text>
      </RunInfo>
      <RunInfo computerName="QUICK-MINDS" outcome="Warning" timestamp="2025-06-25T12:18:32.1216910+02:00">
        <Text>AIKIDO: Extension not allowed, skipping route&#xD;
</Text>
      </RunInfo>
      <RunInfo computerName="QUICK-MINDS" outcome="Warning" timestamp="2025-06-25T12:18:32.1218776+02:00">
        <Text>AIKIDO: Status code not valid or method is excluded, skipping route&#xD;
</Text>
      </RunInfo>
      <RunInfo computerName="QUICK-MINDS" outcome="Warning" timestamp="2025-06-25T12:18:32.1240359+02:00">
        <Text>AIKIDO: Status code not valid or method is excluded, skipping route&#xD;
</Text>
      </RunInfo>
      <RunInfo computerName="QUICK-MINDS" outcome="Warning" timestamp="2025-06-25T12:18:32.1260529+02:00">
        <Text>AIKIDO: Extension not allowed, skipping route&#xD;
</Text>
      </RunInfo>
      <RunInfo computerName="QUICK-MINDS" outcome="Warning" timestamp="2025-06-25T12:18:32.3495017+02:00">
        <Text>AIKIDO: Attack detected: SqlInjection in Query SELECT, blocked: False&#xD;
</Text>
      </RunInfo>
      <RunInfo computerName="QUICK-MINDS" outcome="Warning" timestamp="2025-06-25T12:18:32.3644286+02:00">
        <Text>AIKIDO: Capturing outbound request to host: api.aikido.dev&#xD;
</Text>
      </RunInfo>
      <RunInfo computerName="QUICK-MINDS" outcome="Warning" timestamp="2025-06-25T12:18:32.4688263+02:00">
        <Text>AIKIDO: Capturing outbound request to host: example.com&#xD;
</Text>
      </RunInfo>
      <RunInfo computerName="QUICK-MINDS" outcome="Warning" timestamp="2025-06-25T12:18:32.5774437+02:00">
        <Text>AIKIDO: Capturing outbound request to host: base.com&#xD;
</Text>
      </RunInfo>
      <RunInfo computerName="QUICK-MINDS" outcome="Warning" timestamp="2025-06-25T12:18:32.5784490+02:00">
        <Text>AIKIDO: Capturing outbound request to host: test.com&#xD;
</Text>
      </RunInfo>
      <RunInfo computerName="QUICK-MINDS" outcome="Warning" timestamp="2025-06-25T12:18:32.6003227+02:00">
        <Text>AIKIDO: Capturing outbound request to host: example.com&#xD;
</Text>
      </RunInfo>
      <RunInfo computerName="QUICK-MINDS" outcome="Warning" timestamp="2025-06-25T12:18:32.6013196+02:00">
        <Text>AIKIDO: Capturing outbound request to host: example.com&#xD;
</Text>
      </RunInfo>
      <RunInfo computerName="QUICK-MINDS" outcome="Warning" timestamp="2025-06-25T12:18:32.6017245+02:00">
        <Text>AIKIDO: Capturing outbound request to host: secure.example.com&#xD;
</Text>
      </RunInfo>
      <RunInfo computerName="QUICK-MINDS" outcome="Warning" timestamp="2025-06-25T12:18:32.6117597+02:00">
        <Text>AIKIDO: Attack detected: PathTraversal in Body File.ReadAllBytes, blocked: False&#xD;
</Text>
      </RunInfo>
      <RunInfo computerName="QUICK-MINDS" outcome="Warning" timestamp="2025-06-25T12:18:32.6125896+02:00">
        <Text>AIKIDO: Attack detected: PathTraversal in Body File.ReadAllBytes, blocked: False&#xD;
</Text>
      </RunInfo>
      <RunInfo computerName="QUICK-MINDS" outcome="Warning" timestamp="2025-06-25T12:18:32.6131728+02:00">
        <Text>AIKIDO: Attack detected: PathTraversal in Body File.ReadAllBytes, blocked: False&#xD;
</Text>
      </RunInfo>
      <RunInfo computerName="QUICK-MINDS" outcome="Warning" timestamp="2025-06-25T12:18:32.6134461+02:00">
        <Text>AIKIDO: Attack detected: PathTraversal in Body File.ReadAllBytes, blocked: False&#xD;
</Text>
      </RunInfo>
      <RunInfo computerName="QUICK-MINDS" outcome="Warning" timestamp="2025-06-25T12:18:32.6140725+02:00">
        <Text>AIKIDO: Attack detected: PathTraversal in Body File.ReadAllBytes, blocked: True&#xD;
</Text>
      </RunInfo>
      <RunInfo computerName="QUICK-MINDS" outcome="Warning" timestamp="2025-06-25T12:18:32.6145033+02:00">
        <Text>AIKIDO: Attack detected: PathTraversal in Body File.ReadAllBytes, blocked: True&#xD;
</Text>
      </RunInfo>
      <RunInfo computerName="QUICK-MINDS" outcome="Warning" timestamp="2025-06-25T12:18:32.6147246+02:00">
        <Text>AIKIDO: Attack detected: PathTraversal in Body File.ReadAllBytes, blocked: True&#xD;
</Text>
      </RunInfo>
      <RunInfo computerName="QUICK-MINDS" outcome="Warning" timestamp="2025-06-25T12:18:32.6153240+02:00">
        <Text>AIKIDO: Attack detected: PathTraversal in Body File.ReadAllBytes, blocked: True&#xD;
</Text>
      </RunInfo>
      <RunInfo computerName="QUICK-MINDS" outcome="Warning" timestamp="2025-06-25T12:18:32.6182414+02:00">
        <Text>AIKIDO: Attack detected: PathTraversal in Body File.Copy, blocked: False&#xD;
</Text>
      </RunInfo>
      <RunInfo computerName="QUICK-MINDS" outcome="Warning" timestamp="2025-06-25T12:18:32.6183930+02:00">
        <Text>AIKIDO: Attack detected: PathTraversal in Body File.Copy, blocked: True&#xD;
</Text>
      </RunInfo>
      <RunInfo computerName="QUICK-MINDS" outcome="Warning" timestamp="2025-06-25T12:18:32.6185671+02:00">
        <Text>AIKIDO: Attack detected: PathTraversal in Body File.ReadAllBytes, blocked: False&#xD;
</Text>
      </RunInfo>
      <RunInfo computerName="QUICK-MINDS" outcome="Warning" timestamp="2025-06-25T12:18:32.6187533+02:00">
        <Text>AIKIDO: Attack detected: PathTraversal in Body File.ReadAllBytes, blocked: True&#xD;
</Text>
      </RunInfo>
      <RunInfo computerName="QUICK-MINDS" outcome="Warning" timestamp="2025-06-25T12:18:33.7857453+02:00">
        <Text>AIKIDO: Attack detected: ShellInjection in Body Process.Start, blocked: True&#xD;
</Text>
      </RunInfo>
      <RunInfo computerName="QUICK-MINDS" outcome="Warning" timestamp="2025-06-25T12:18:33.9244955+02:00">
        <Text>AIKIDO: An error occurred while reporting</Text>
      </RunInfo>
      <RunInfo computerName="QUICK-MINDS" outcome="Warning" timestamp="2025-06-25T12:18:33.9248309+02:00">
        <Text>AIKIDO: An error occurred while reporting&#xD;
</Text>
      </RunInfo>
      <RunInfo computerName="QUICK-MINDS" outcome="Warning" timestamp="2025-06-25T12:18:34.0541791+02:00">
        <Text>AIKIDO: Attack detected: SqlInjection in Body DbCommand.ExecuteNonQuery, blocked: True&#xD;
</Text>
      </RunInfo>
    </RunInfos>
  </ResultSummary>
</TestRun>